This is pdfTeX, Version 3.141592653-2.6-1.40.28 (TeX Live 2025) (preloaded format=pdflatex 2025.8.8)  14 AUG 2025 13:43
entering extended mode
 restricted \write18 enabled.
 %&-line parsing enabled.
**"C:/Users/g10028783/Downloads/R talks/PERSUADE/BC_OS_output/BC_OS.tex"
(c:/Users/g10028783/Downloads/R talks/PERSUADE/BC_OS_output/BC_OS.tex
LaTeX2e <2025-06-01> patch level 1
L3 programming layer <2025-07-20>
(c:/Users/g10028783/AppData/Roaming/TinyTeX/texmf-dist/tex/latex/base/article.cls
Document Class: article 2025/01/22 v1.4n Standard LaTeX document class
(c:/Users/g10028783/AppData/Roaming/TinyTeX/texmf-dist/tex/latex/base/size10.clo
File: size10.clo 2025/01/22 v1.4n Standard LaTeX file (size option)
)
\c@part=\count275
\c@section=\count276
\c@subsection=\count277
\c@subsubsection=\count278
\c@paragraph=\count279
\c@subparagraph=\count280
\c@figure=\count281
\c@table=\count282
\abovecaptionskip=\skip49
\belowcaptionskip=\skip50
\bibindent=\dimen148
) (c:/Users/g10028783/AppData/Roaming/TinyTeX/texmf-dist/tex/latex/amsmath/amsmath.sty
Package: amsmath 2025/06/16 v2.17y AMS math features
\@mathmargin=\skip51
For additional information on amsmath, use the `?' option.
(c:/Users/g10028783/AppData/Roaming/TinyTeX/texmf-dist/tex/latex/amsmath/amstext.sty
Package: amstext 2024/11/17 v2.01 AMS text
(c:/Users/g10028783/AppData/Roaming/TinyTeX/texmf-dist/tex/latex/amsmath/amsgen.sty
File: amsgen.sty 1999/11/30 v2.0 generic functions
\@emptytoks=\toks17
\ex@=\dimen149
)) (c:/Users/g10028783/AppData/Roaming/TinyTeX/texmf-dist/tex/latex/amsmath/amsbsy.sty
Package: amsbsy 1999/11/29 v1.2d Bold Symbols
\pmbraise@=\dimen150
) (c:/Users/g10028783/AppData/Roaming/TinyTeX/texmf-dist/tex/latex/amsmath/amsopn.sty
Package: amsopn 2022/04/08 v2.04 operator names
)
\inf@bad=\count283
LaTeX Info: Redefining \frac on input line 233.
\uproot@=\count284
\leftroot@=\count285
LaTeX Info: Redefining \overline on input line 398.
LaTeX Info: Redefining \colon on input line 409.
\classnum@=\count286
\DOTSCASE@=\count287
LaTeX Info: Redefining \ldots on input line 495.
LaTeX Info: Redefining \dots on input line 498.
LaTeX Info: Redefining \cdots on input line 619.
\Mathstrutbox@=\box53
\strutbox@=\box54
LaTeX Info: Redefining \big on input line 721.
LaTeX Info: Redefining \Big on input line 722.
LaTeX Info: Redefining \bigg on input line 723.
LaTeX Info: Redefining \Bigg on input line 724.
\big@size=\dimen151
LaTeX Font Info:    Redeclaring font encoding OML on input line 742.
LaTeX Font Info:    Redeclaring font encoding OMS on input line 743.
\macc@depth=\count288
LaTeX Info: Redefining \bmod on input line 904.
LaTeX Info: Redefining \pmod on input line 909.
LaTeX Info: Redefining \smash on input line 939.
LaTeX Info: Redefining \relbar on input line 969.
LaTeX Info: Redefining \Relbar on input line 970.
\c@MaxMatrixCols=\count289
\dotsspace@=\muskip17
\c@parentequation=\count290
\dspbrk@lvl=\count291
\tag@help=\toks18
\row@=\count292
\column@=\count293
\maxfields@=\count294
\andhelp@=\toks19
\eqnshift@=\dimen152
\alignsep@=\dimen153
\tagshift@=\dimen154
\tagwidth@=\dimen155
\totwidth@=\dimen156
\lineht@=\dimen157
\@envbody=\toks20
\multlinegap=\skip52
\multlinetaggap=\skip53
\mathdisplay@stack=\toks21
LaTeX Info: Redefining \[ on input line 2949.
LaTeX Info: Redefining \] on input line 2950.
) (c:/Users/g10028783/AppData/Roaming/TinyTeX/texmf-dist/tex/latex/amsfonts/amssymb.sty
Package: amssymb 2013/01/14 v3.01 AMS font symbols
(c:/Users/g10028783/AppData/Roaming/TinyTeX/texmf-dist/tex/latex/amsfonts/amsfonts.sty
Package: amsfonts 2013/01/14 v3.01 Basic AMSFonts support
\symAMSa=\mathgroup4
\symAMSb=\mathgroup5
LaTeX Font Info:    Redeclaring math symbol \hbar on input line 98.
LaTeX Font Info:    Overwriting math alphabet `\mathfrak' in version `bold'
(Font)                  U/euf/m/n --> U/euf/b/n on input line 106.
)) (c:/Users/g10028783/AppData/Roaming/TinyTeX/texmf-dist/tex/generic/iftex/iftex.sty
Package: iftex 2024/12/12 v1.0g TeX engine tests
) (c:/Users/g10028783/AppData/Roaming/TinyTeX/texmf-dist/tex/latex/base/fontenc.sty
Package: fontenc 2024/12/21 v2.1c Standard LaTeX package
) (c:/Users/g10028783/AppData/Roaming/TinyTeX/texmf-dist/tex/latex/base/inputenc.sty
Package: inputenc 2024/02/08 v1.3d Input encoding file
\inpenc@prehook=\toks22
\inpenc@posthook=\toks23
) (c:/Users/g10028783/AppData/Roaming/TinyTeX/texmf-dist/tex/latex/base/textcomp.sty
Package: textcomp 2024/04/24 v2.1b Standard LaTeX package
) (c:/Users/g10028783/AppData/Roaming/TinyTeX/texmf-dist/tex/latex/lm/lmodern.sty
Package: lmodern 2015/05/01 v1.6.1 Latin Modern Fonts
LaTeX Font Info:    Overwriting symbol font `operators' in version `normal'
(Font)                  OT1/cmr/m/n --> OT1/lmr/m/n on input line 22.
LaTeX Font Info:    Overwriting symbol font `letters' in version `normal'
(Font)                  OML/cmm/m/it --> OML/lmm/m/it on input line 23.
LaTeX Font Info:    Overwriting symbol font `symbols' in version `normal'
(Font)                  OMS/cmsy/m/n --> OMS/lmsy/m/n on input line 24.
LaTeX Font Info:    Overwriting symbol font `largesymbols' in version `normal'
(Font)                  OMX/cmex/m/n --> OMX/lmex/m/n on input line 25.
LaTeX Font Info:    Overwriting symbol font `operators' in version `bold'
(Font)                  OT1/cmr/bx/n --> OT1/lmr/bx/n on input line 26.
LaTeX Font Info:    Overwriting symbol font `letters' in version `bold'
(Font)                  OML/cmm/b/it --> OML/lmm/b/it on input line 27.
LaTeX Font Info:    Overwriting symbol font `symbols' in version `bold'
(Font)                  OMS/cmsy/b/n --> OMS/lmsy/b/n on input line 28.
LaTeX Font Info:    Overwriting symbol font `largesymbols' in version `bold'
(Font)                  OMX/cmex/m/n --> OMX/lmex/m/n on input line 29.
LaTeX Font Info:    Overwriting math alphabet `\mathbf' in version `normal'
(Font)                  OT1/cmr/bx/n --> OT1/lmr/bx/n on input line 31.
LaTeX Font Info:    Overwriting math alphabet `\mathsf' in version `normal'
(Font)                  OT1/cmss/m/n --> OT1/lmss/m/n on input line 32.
LaTeX Font Info:    Overwriting math alphabet `\mathit' in version `normal'
(Font)                  OT1/cmr/m/it --> OT1/lmr/m/it on input line 33.
LaTeX Font Info:    Overwriting math alphabet `\mathtt' in version `normal'
(Font)                  OT1/cmtt/m/n --> OT1/lmtt/m/n on input line 34.
LaTeX Font Info:    Overwriting math alphabet `\mathbf' in version `bold'
(Font)                  OT1/cmr/bx/n --> OT1/lmr/bx/n on input line 35.
LaTeX Font Info:    Overwriting math alphabet `\mathsf' in version `bold'
(Font)                  OT1/cmss/bx/n --> OT1/lmss/bx/n on input line 36.
LaTeX Font Info:    Overwriting math alphabet `\mathit' in version `bold'
(Font)                  OT1/cmr/bx/it --> OT1/lmr/bx/it on input line 37.
LaTeX Font Info:    Overwriting math alphabet `\mathtt' in version `bold'
(Font)                  OT1/cmtt/m/n --> OT1/lmtt/m/n on input line 38.
) (c:/Users/g10028783/AppData/Roaming/TinyTeX/texmf-dist/tex/latex/xcolor/xcolor.sty
Package: xcolor 2024/09/29 v3.02 LaTeX color extensions (UK)
(c:/Users/g10028783/AppData/Roaming/TinyTeX/texmf-dist/tex/latex/graphics-cfg/color.cfg
File: color.cfg 2016/01/02 v1.6 sample color configuration
)
Package xcolor Info: Driver file: pdftex.def on input line 274.
(c:/Users/g10028783/AppData/Roaming/TinyTeX/texmf-dist/tex/latex/graphics-def/pdftex.def
File: pdftex.def 2024/04/13 v1.2c Graphics/color driver for pdftex
) (c:/Users/g10028783/AppData/Roaming/TinyTeX/texmf-dist/tex/latex/graphics/mathcolor.ltx)
Package xcolor Info: Model `cmy' substituted by `cmy0' on input line 1349.
Package xcolor Info: Model `hsb' substituted by `rgb' on input line 1353.
Package xcolor Info: Model `RGB' extended on input line 1365.
Package xcolor Info: Model `HTML' substituted by `rgb' on input line 1367.
Package xcolor Info: Model `Hsb' substituted by `hsb' on input line 1368.
Package xcolor Info: Model `tHsb' substituted by `hsb' on input line 1369.
Package xcolor Info: Model `HSB' substituted by `hsb' on input line 1370.
Package xcolor Info: Model `Gray' substituted by `gray' on input line 1371.
Package xcolor Info: Model `wave' substituted by `hsb' on input line 1372.
) (c:/Users/g10028783/AppData/Roaming/TinyTeX/texmf-dist/tex/latex/graphics/dvipsnam.def
File: dvipsnam.def 2016/06/17 v3.0m Driver-dependent file (DPC,SPQR)
) (c:/Users/g10028783/AppData/Roaming/TinyTeX/texmf-dist/tex/latex/xcolor/svgnam.def
File: svgnam.def 2024/09/29 v3.02 Predefined colors according to SVG 1.1 (UK)
) (c:/Users/g10028783/AppData/Roaming/TinyTeX/texmf-dist/tex/latex/xcolor/x11nam.def
File: x11nam.def 2024/09/29 v3.02 Predefined colors according to Unix/X11 (UK)
) (c:/Users/g10028783/AppData/Roaming/TinyTeX/texmf-dist/tex/latex/geometry/geometry.sty
Package: geometry 2020/01/02 v5.9 Page Geometry
(c:/Users/g10028783/AppData/Roaming/TinyTeX/texmf-dist/tex/latex/graphics/keyval.sty
Package: keyval 2022/05/29 v1.15 key=value parser (DPC)
\KV@toks@=\toks24
) (c:/Users/g10028783/AppData/Roaming/TinyTeX/texmf-dist/tex/generic/iftex/ifvtex.sty
Package: ifvtex 2019/10/25 v1.7 ifvtex legacy package. Use iftex instead.
)
\Gm@cnth=\count295
\Gm@cntv=\count296
\c@Gm@tempcnt=\count297
\Gm@bindingoffset=\dimen158
\Gm@wd@mp=\dimen159
\Gm@odd@mp=\dimen160
\Gm@even@mp=\dimen161
\Gm@layoutwidth=\dimen162
\Gm@layoutheight=\dimen163
\Gm@layouthoffset=\dimen164
\Gm@layoutvoffset=\dimen165
\Gm@dimlist=\toks25
) (c:/Users/g10028783/AppData/Roaming/TinyTeX/texmf-dist/tex/latex/graphics/graphicx.sty
Package: graphicx 2024/12/31 v1.2e Enhanced LaTeX Graphics (DPC,SPQR)
(c:/Users/g10028783/AppData/Roaming/TinyTeX/texmf-dist/tex/latex/graphics/graphics.sty
Package: graphics 2024/08/06 v1.4g Standard LaTeX Graphics (DPC,SPQR)
(c:/Users/g10028783/AppData/Roaming/TinyTeX/texmf-dist/tex/latex/graphics/trig.sty
Package: trig 2023/12/02 v1.11 sin cos tan (DPC)
) (c:/Users/g10028783/AppData/Roaming/TinyTeX/texmf-dist/tex/latex/graphics-cfg/graphics.cfg
File: graphics.cfg 2016/06/04 v1.11 sample graphics configuration
)
Package graphics Info: Driver file: pdftex.def on input line 106.
)
\Gin@req@height=\dimen166
\Gin@req@width=\dimen167
) (c:/Users/g10028783/AppData/Roaming/TinyTeX/texmf-dist/tex/latex/float/float.sty
Package: float 2001/11/08 v1.3d Float enhancements (AL)
\c@float@type=\count298
\float@exts=\toks26
\float@box=\box55
\@float@everytoks=\toks27
\@floatcapt=\box56
) (c:/Users/g10028783/AppData/Roaming/TinyTeX/texmf-dist/tex/latex/booktabs/booktabs.sty
Package: booktabs 2020/01/12 v1.61803398 Publication quality tables
\heavyrulewidth=\dimen168
\lightrulewidth=\dimen169
\cmidrulewidth=\dimen170
\belowrulesep=\dimen171
\belowbottomsep=\dimen172
\aboverulesep=\dimen173
\abovetopsep=\dimen174
\cmidrulesep=\dimen175
\cmidrulekern=\dimen176
\defaultaddspace=\dimen177
\@cmidla=\count299
\@cmidlb=\count300
\@aboverulesep=\dimen178
\@belowrulesep=\dimen179
\@thisruleclass=\count301
\@lastruleclass=\count302
\@thisrulewidth=\dimen180
) (c:/Users/g10028783/AppData/Roaming/TinyTeX/texmf-dist/tex/latex/tools/longtable.sty
Package: longtable 2024-12-18 v4.23 Multi-page Table package (DPC)
\LTleft=\skip54
\LTright=\skip55
\LTpre=\skip56
\LTpost=\skip57
\LTchunksize=\count303
\LTcapwidth=\dimen181
\LT@head=\box57
\LT@firsthead=\box58
\LT@foot=\box59
\LT@lastfoot=\box60
\LT@gbox=\box61
\LT@cols=\count304
\LT@rows=\count305
\c@LT@tables=\count306
\c@LT@chunks=\count307
\LT@p@ftn=\toks28
) (c:/Users/g10028783/AppData/Roaming/TinyTeX/texmf-dist/tex/latex/colortbl/colortbl.sty
Package: colortbl 2024/10/29 v1.0k Color table columns (DPC)
(c:/Users/g10028783/AppData/Roaming/TinyTeX/texmf-dist/tex/latex/tools/array.sty
Package: array 2025/06/08 v2.6j Tabular extension package (FMi)
\col@sep=\dimen182
\ar@mcellbox=\box62
\extrarowheight=\dimen183
\NC@list=\toks29
\extratabsurround=\skip58
\backup@length=\skip59
\ar@cellbox=\box63
)
\everycr=\toks30
\minrowclearance=\skip60
\rownum=\count308
) (c:/Users/g10028783/AppData/Roaming/TinyTeX/texmf-dist/tex/latex/bookmark/bookmark.sty
Package: bookmark 2023-12-10 v1.31 PDF bookmarks (HO)
(c:/Users/g10028783/AppData/Roaming/TinyTeX/texmf-dist/tex/latex/hyperref/hyperref.sty
Package: hyperref 2025-07-12 v7.01o Hypertext links for LaTeX
(c:/Users/g10028783/AppData/Roaming/TinyTeX/texmf-dist/tex/latex/kvsetkeys/kvsetkeys.sty
Package: kvsetkeys 2022-10-05 v1.19 Key value parser (HO)
) (c:/Users/g10028783/AppData/Roaming/TinyTeX/texmf-dist/tex/generic/kvdefinekeys/kvdefinekeys.sty
Package: kvdefinekeys 2019-12-19 v1.6 Define keys (HO)
) (c:/Users/g10028783/AppData/Roaming/TinyTeX/texmf-dist/tex/generic/pdfescape/pdfescape.sty
Package: pdfescape 2019/12/09 v1.15 Implements pdfTeX's escape features (HO)
(c:/Users/g10028783/AppData/Roaming/TinyTeX/texmf-dist/tex/generic/ltxcmds/ltxcmds.sty
Package: ltxcmds 2023-12-04 v1.26 LaTeX kernel commands for general use (HO)
) (c:/Users/g10028783/AppData/Roaming/TinyTeX/texmf-dist/tex/generic/pdftexcmds/pdftexcmds.sty
Package: pdftexcmds 2020-06-27 v0.33 Utility functions of pdfTeX for LuaTeX (HO)
(c:/Users/g10028783/AppData/Roaming/TinyTeX/texmf-dist/tex/generic/infwarerr/infwarerr.sty
Package: infwarerr 2019/12/03 v1.5 Providing info/warning/error messages (HO)
)
Package pdftexcmds Info: \pdf@primitive is available.
Package pdftexcmds Info: \pdf@ifprimitive is available.
Package pdftexcmds Info: \pdfdraftmode found.
)) (c:/Users/g10028783/AppData/Roaming/TinyTeX/texmf-dist/tex/latex/hycolor/hycolor.sty
Package: hycolor 2020-01-27 v1.10 Color options for hyperref/bookmark (HO)
) (c:/Users/g10028783/AppData/Roaming/TinyTeX/texmf-dist/tex/latex/hyperref/nameref.sty
Package: nameref 2025-06-21 v2.57 Cross-referencing by name of section
(c:/Users/g10028783/AppData/Roaming/TinyTeX/texmf-dist/tex/latex/refcount/refcount.sty
Package: refcount 2019/12/15 v3.6 Data extraction from label references (HO)
) (c:/Users/g10028783/AppData/Roaming/TinyTeX/texmf-dist/tex/generic/gettitlestring/gettitlestring.sty
Package: gettitlestring 2019/12/15 v1.6 Cleanup title references (HO)
(c:/Users/g10028783/AppData/Roaming/TinyTeX/texmf-dist/tex/latex/kvoptions/kvoptions.sty
Package: kvoptions 2022-06-15 v3.15 Key value format for package options (HO)
))
\c@section@level=\count309
) (c:/Users/g10028783/AppData/Roaming/TinyTeX/texmf-dist/tex/latex/etoolbox/etoolbox.sty
Package: etoolbox 2025/02/11 v2.5l e-TeX tools for LaTeX (JAW)
\etb@tempcnta=\count310
) (c:/Users/g10028783/AppData/Roaming/TinyTeX/texmf-dist/tex/generic/stringenc/stringenc.sty
Package: stringenc 2019/11/29 v1.12 Convert strings between diff. encodings (HO)
)
\@linkdim=\dimen184
\Hy@linkcounter=\count311
\Hy@pagecounter=\count312
(c:/Users/g10028783/AppData/Roaming/TinyTeX/texmf-dist/tex/latex/hyperref/pd1enc.def
File: pd1enc.def 2025-07-12 v7.01o Hyperref: PDFDocEncoding definition (HO)
Now handling font encoding PD1 ...
... no UTF-8 mapping file for font encoding PD1
) (c:/Users/g10028783/AppData/Roaming/TinyTeX/texmf-dist/tex/generic/intcalc/intcalc.sty
Package: intcalc 2019/12/15 v1.3 Expandable calculations with integers (HO)
)
\Hy@SavedSpaceFactor=\count313
(c:/Users/g10028783/AppData/Roaming/TinyTeX/texmf-dist/tex/latex/hyperref/puenc.def
File: puenc.def 2025-07-12 v7.01o Hyperref: PDF Unicode definition (HO)
Now handling font encoding PU ...
... no UTF-8 mapping file for font encoding PU
)
Package hyperref Info: Option `unicode' set `true' on input line 4066.
Package hyperref Info: Hyper figures OFF on input line 4195.
Package hyperref Info: Link nesting OFF on input line 4200.
Package hyperref Info: Hyper index ON on input line 4203.
Package hyperref Info: Plain pages OFF on input line 4210.
Package hyperref Info: Backreferencing OFF on input line 4215.
Package hyperref Info: Implicit mode ON; LaTeX internals redefined.
Package hyperref Info: Bookmarks ON on input line 4462.
\c@Hy@tempcnt=\count314
(c:/Users/g10028783/AppData/Roaming/TinyTeX/texmf-dist/tex/latex/url/url.sty
\Urlmuskip=\muskip18
Package: url 2013/09/16  ver 3.4  Verb mode for urls, etc.
)
LaTeX Info: Redefining \url on input line 4801.
\XeTeXLinkMargin=\dimen185
(c:/Users/g10028783/AppData/Roaming/TinyTeX/texmf-dist/tex/generic/bitset/bitset.sty
Package: bitset 2019/12/09 v1.3 Handle bit-vector datatype (HO)
(c:/Users/g10028783/AppData/Roaming/TinyTeX/texmf-dist/tex/generic/bigintcalc/bigintcalc.sty
Package: bigintcalc 2019/12/15 v1.5 Expandable calculations on big integers (HO)
))
\Fld@menulength=\count315
\Field@Width=\dimen186
\Fld@charsize=\dimen187
Package hyperref Info: Hyper figures OFF on input line 6078.
Package hyperref Info: Link nesting OFF on input line 6083.
Package hyperref Info: Hyper index ON on input line 6086.
Package hyperref Info: backreferencing OFF on input line 6093.
Package hyperref Info: Link coloring OFF on input line 6098.
Package hyperref Info: Link coloring with OCG OFF on input line 6103.
Package hyperref Info: PDF/A mode OFF on input line 6108.
\Hy@abspage=\count316
\c@Item=\count317
\c@Hfootnote=\count318
)
Package hyperref Info: Driver (autodetected): hpdftex.
(c:/Users/g10028783/AppData/Roaming/TinyTeX/texmf-dist/tex/latex/hyperref/hpdftex.def
File: hpdftex.def 2025-07-12 v7.01o Hyperref driver for pdfTeX
\Fld@listcount=\count319
\c@bookmark@seq@number=\count320
(c:/Users/g10028783/AppData/Roaming/TinyTeX/texmf-dist/tex/latex/rerunfilecheck/rerunfilecheck.sty
Package: rerunfilecheck 2025-06-21 v1.11 Rerun checks for auxiliary files (HO)
(c:/Users/g10028783/AppData/Roaming/TinyTeX/texmf-dist/tex/generic/uniquecounter/uniquecounter.sty
Package: uniquecounter 2019/12/15 v1.4 Provide unlimited unique counter (HO)
)
Package uniquecounter Info: New unique counter `rerunfilecheck' on input line 284.
)
\Hy@SectionHShift=\skip61
) (c:/Users/g10028783/AppData/Roaming/TinyTeX/texmf-dist/tex/latex/bookmark/bkm-pdftex.def
File: bkm-pdftex.def 2023-12-10 v1.31 bookmark driver for pdfTeX and luaTeX (HO)
\BKM@id=\count321
))
Package hyperref Info: Option `colorlinks' set `true' on input line 75.
LaTeX Font Info:    Trying to load font information for T1+lmr on input line 81.
(c:/Users/g10028783/AppData/Roaming/TinyTeX/texmf-dist/tex/latex/lm/t1lmr.fd
File: t1lmr.fd 2015/05/01 v1.6.1 Font defs for Latin Modern
) (c:/Users/g10028783/AppData/Roaming/TinyTeX/texmf-dist/tex/latex/l3backend/l3backend-pdftex.def
File: l3backend-pdftex.def 2025-06-09 L3 backend support: PDF output (pdfTeX)
\l__color_backend_stack_int=\count322
) (./BC_OS.aux

LaTeX Warning: Label `tab:gof_cure' multiply defined.


LaTeX Warning: Label `tab:validate_extrapolation_table' multiply defined.


LaTeX Warning: Label `tab:validate_extrapolation_table' multiply defined.


LaTeX Warning: Label `tab:validate_extrapolation_table' multiply defined.


LaTeX Warning: Label `tab:validate_extrapolation_table' multiply defined.


LaTeX Warning: Label `tab:validate_extrapolation_table' multiply defined.

)
\openout1 = `BC_OS.aux'.

LaTeX Font Info:    Checking defaults for OML/cmm/m/it on input line 81.
LaTeX Font Info:    ... okay on input line 81.
LaTeX Font Info:    Checking defaults for OMS/cmsy/m/n on input line 81.
LaTeX Font Info:    ... okay on input line 81.
LaTeX Font Info:    Checking defaults for OT1/cmr/m/n on input line 81.
LaTeX Font Info:    ... okay on input line 81.
LaTeX Font Info:    Checking defaults for T1/cmr/m/n on input line 81.
LaTeX Font Info:    ... okay on input line 81.
LaTeX Font Info:    Checking defaults for TS1/cmr/m/n on input line 81.
LaTeX Font Info:    ... okay on input line 81.
LaTeX Font Info:    Checking defaults for OMX/cmex/m/n on input line 81.
LaTeX Font Info:    ... okay on input line 81.
LaTeX Font Info:    Checking defaults for U/cmr/m/n on input line 81.
LaTeX Font Info:    ... okay on input line 81.
LaTeX Font Info:    Checking defaults for PD1/pdf/m/n on input line 81.
LaTeX Font Info:    ... okay on input line 81.
LaTeX Font Info:    Checking defaults for PU/pdf/m/n on input line 81.
LaTeX Font Info:    ... okay on input line 81.
(c:/Users/g10028783/AppData/Roaming/TinyTeX/texmf-dist/tex/latex/epstopdf-pkg/epstopdf-base.sty
Package: epstopdf-base 2020-01-24 v2.11 Base part for package epstopdf
Package epstopdf-base Info: Redefining graphics rule for `.eps' on input line 485.
(c:/Users/g10028783/AppData/Roaming/TinyTeX/texmf-dist/tex/latex/latexconfig/epstopdf-sys.cfg
File: epstopdf-sys.cfg 2010/07/13 v1.3 Configuration of (r)epstopdf for TeX Live
))
*geometry* driver: auto-detecting
*geometry* detected driver: pdftex
*geometry* verbose mode - [ preamble ] result:
* driver: pdftex
* paper: <default>
* layout: <same size as paper>
* layoutoffset:(h,v)=(0.0pt,0.0pt)
* modes: 
* h-part:(L,W,R)=(72.26999pt, 469.75502pt, 72.26999pt)
* v-part:(T,H,B)=(72.26999pt, 650.43001pt, 72.26999pt)
* \paperwidth=614.295pt
* \paperheight=794.96999pt
* \textwidth=469.75502pt
* \textheight=650.43001pt
* \oddsidemargin=0.0pt
* \evensidemargin=0.0pt
* \topmargin=-37.0pt
* \headheight=12.0pt
* \headsep=25.0pt
* \topskip=10.0pt
* \footskip=30.0pt
* \marginparwidth=65.0pt
* \marginparsep=11.0pt
* \columnsep=10.0pt
* \skip\footins=9.0pt plus 4.0pt minus 2.0pt
* \hoffset=0.0pt
* \voffset=0.0pt
* \mag=1000
* \@twocolumnfalse
* \@twosidefalse
* \@mparswitchfalse
* \@reversemarginfalse
* (1in=72.27pt=25.4mm, 1cm=28.453pt)

Package hyperref Info: Link coloring ON on input line 81.
LaTeX Font Info:    Trying to load font information for OT1+lmr on input line 83.
(c:/Users/g10028783/AppData/Roaming/TinyTeX/texmf-dist/tex/latex/lm/ot1lmr.fd
File: ot1lmr.fd 2015/05/01 v1.6.1 Font defs for Latin Modern
)
LaTeX Font Info:    Trying to load font information for OML+lmm on input line 83.
(c:/Users/g10028783/AppData/Roaming/TinyTeX/texmf-dist/tex/latex/lm/omllmm.fd
File: omllmm.fd 2015/05/01 v1.6.1 Font defs for Latin Modern
)
LaTeX Font Info:    Trying to load font information for OMS+lmsy on input line 83.
(c:/Users/g10028783/AppData/Roaming/TinyTeX/texmf-dist/tex/latex/lm/omslmsy.fd
File: omslmsy.fd 2015/05/01 v1.6.1 Font defs for Latin Modern
)
LaTeX Font Info:    Trying to load font information for OMX+lmex on input line 83.
(c:/Users/g10028783/AppData/Roaming/TinyTeX/texmf-dist/tex/latex/lm/omxlmex.fd
File: omxlmex.fd 2015/05/01 v1.6.1 Font defs for Latin Modern
)
LaTeX Font Info:    External font `lmex10' loaded for size
(Font)              <12> on input line 83.
LaTeX Font Info:    External font `lmex10' loaded for size
(Font)              <8> on input line 83.
LaTeX Font Info:    External font `lmex10' loaded for size
(Font)              <6> on input line 83.
LaTeX Font Info:    Trying to load font information for U+msa on input line 83.
(c:/Users/g10028783/AppData/Roaming/TinyTeX/texmf-dist/tex/latex/amsfonts/umsa.fd
File: umsa.fd 2013/01/14 v3.01 AMS symbols A
)
LaTeX Font Info:    Trying to load font information for U+msb on input line 83.
(c:/Users/g10028783/AppData/Roaming/TinyTeX/texmf-dist/tex/latex/amsfonts/umsb.fd
File: umsb.fd 2013/01/14 v3.01 AMS symbols B
) (./BC_OS.toc
LaTeX Font Info:    External font `lmex10' loaded for size
(Font)              <10> on input line 4.
LaTeX Font Info:    External font `lmex10' loaded for size
(Font)              <7> on input line 4.
LaTeX Font Info:    External font `lmex10' loaded for size
(Font)              <5> on input line 4.
)
\tf@toc=\write3
\openout3 = `BC_OS.toc'.


Underfull \hbox (badness 10000) in paragraph at lines 89--90

 []



[1

{c:/Users/g10028783/AppData/Roaming/TinyTeX/texmf-var/fonts/map/pdftex/updmap/pdftex.map}{c:/Users/g10028783/AppData/Roaming/TinyTeX/texmf-dist/fonts/enc/dvips/lm/lm-ec.enc}]
<BC_OS_output/Images/Figure_plot_KM-1.pdf, id=48, 505.89pt x 505.89pt>
File: BC_OS_output/Images/Figure_plot_KM-1.pdf Graphic file (type pdf)
<use BC_OS_output/Images/Figure_plot_KM-1.pdf>
Package pdftex.def Info: BC_OS_output/Images/Figure_plot_KM-1.pdf  used on input line 97.
(pdftex.def)             Requested size: 469.76265pt x 469.76265pt.


[2

 <./BC_OS_output/Images/Figure_plot_KM-1.pdf>]
<BC_OS_output/Images/Figure_PH_assumption-1.pdf, id=62, 794.97pt x 325.215pt>
File: BC_OS_output/Images/Figure_PH_assumption-1.pdf Graphic file (type pdf)
<use BC_OS_output/Images/Figure_PH_assumption-1.pdf>
Package pdftex.def Info: BC_OS_output/Images/Figure_PH_assumption-1.pdf  used on input line 120.
(pdftex.def)             Requested size: 461.08293pt x 188.62483pt.
<BC_OS_output/Images/Figure_PH_assumption-2.pdf, id=63, 794.97pt x 325.215pt>
File: BC_OS_output/Images/Figure_PH_assumption-2.pdf Graphic file (type pdf)
<use BC_OS_output/Images/Figure_PH_assumption-2.pdf>
Package pdftex.def Info: BC_OS_output/Images/Figure_PH_assumption-2.pdf  used on input line 122.
(pdftex.def)             Requested size: 461.08293pt x 188.62483pt.
<BC_OS_output/Images/Figure_PH_assumption-3.pdf, id=64, 794.97pt x 325.215pt>
File: BC_OS_output/Images/Figure_PH_assumption-3.pdf Graphic file (type pdf)
<use BC_OS_output/Images/Figure_PH_assumption-3.pdf>
Package pdftex.def Info: BC_OS_output/Images/Figure_PH_assumption-3.pdf  used on input line 124.
(pdftex.def)             Requested size: 461.08293pt x 188.62483pt.


[3

 <./BC_OS_output/Images/Figure_PH_assumption-1.pdf> <./BC_OS_output/Images/Figure_PH_assumption-2.pdf> <./BC_OS_output/Images/Figure_PH_assumption-3.pdf>]
<BC_OS_output/Images/Figure_plot_hr-1.pdf, id=87, 469.755pt x 325.215pt>
File: BC_OS_output/Images/Figure_plot_hr-1.pdf Graphic file (type pdf)
<use BC_OS_output/Images/Figure_plot_hr-1.pdf>
Package pdftex.def Info: BC_OS_output/Images/Figure_plot_hr-1.pdf  used on input line 133.
(pdftex.def)             Requested size: 469.75386pt x 325.2142pt.


[4

 <./BC_OS_output/Images/Figure_plot_hr-1.pdf>]
<BC_OS_output/Images/Figure_plot_haz_pred-1.pdf, id=97, 794.97pt x 325.215pt>
File: BC_OS_output/Images/Figure_plot_haz_pred-1.pdf Graphic file (type pdf)
<use BC_OS_output/Images/Figure_plot_haz_pred-1.pdf>
Package pdftex.def Info: BC_OS_output/Images/Figure_plot_haz_pred-1.pdf  used on input line 140.
(pdftex.def)             Requested size: 461.08293pt x 188.62483pt.
<BC_OS_output/Images/Figure_plot_haz_pred-2.pdf, id=98, 794.97pt x 325.215pt>
File: BC_OS_output/Images/Figure_plot_haz_pred-2.pdf Graphic file (type pdf)
<use BC_OS_output/Images/Figure_plot_haz_pred-2.pdf>
Package pdftex.def Info: BC_OS_output/Images/Figure_plot_haz_pred-2.pdf  used on input line 142.
(pdftex.def)             Requested size: 461.08293pt x 188.62483pt.
<BC_OS_output/Images/Figure_plot_haz_pred-3.pdf, id=99, 794.97pt x 325.215pt>
File: BC_OS_output/Images/Figure_plot_haz_pred-3.pdf Graphic file (type pdf)
<use BC_OS_output/Images/Figure_plot_haz_pred-3.pdf>
Package pdftex.def Info: BC_OS_output/Images/Figure_plot_haz_pred-3.pdf  used on input line 144.
(pdftex.def)             Requested size: 461.08293pt x 188.62483pt.
<BC_OS_output/Images/Figure_plot_haz_pred-4.pdf, id=100, 794.97pt x 325.215pt>
File: BC_OS_output/Images/Figure_plot_haz_pred-4.pdf Graphic file (type pdf)
<use BC_OS_output/Images/Figure_plot_haz_pred-4.pdf>
Package pdftex.def Info: BC_OS_output/Images/Figure_plot_haz_pred-4.pdf  used on input line 146.
(pdftex.def)             Requested size: 461.08293pt x 188.62483pt.


[5

 <./BC_OS_output/Images/Figure_plot_haz_pred-1.pdf> <./BC_OS_output/Images/Figure_plot_haz_pred-2.pdf> <./BC_OS_output/Images/Figure_plot_haz_pred-3.pdf>]
<BC_OS_output/Images/Figure_plot_haz_pred-5.pdf, id=123, 794.97pt x 325.215pt>
File: BC_OS_output/Images/Figure_plot_haz_pred-5.pdf Graphic file (type pdf)
<use BC_OS_output/Images/Figure_plot_haz_pred-5.pdf>
Package pdftex.def Info: BC_OS_output/Images/Figure_plot_haz_pred-5.pdf  used on input line 148.
(pdftex.def)             Requested size: 461.08293pt x 188.62483pt.
<BC_OS_output/Images/Figure_plot_haz_pred-6.pdf, id=124, 794.97pt x 325.215pt>
File: BC_OS_output/Images/Figure_plot_haz_pred-6.pdf Graphic file (type pdf)
<use BC_OS_output/Images/Figure_plot_haz_pred-6.pdf>
Package pdftex.def Info: BC_OS_output/Images/Figure_plot_haz_pred-6.pdf  used on input line 150.
(pdftex.def)             Requested size: 461.08293pt x 188.62483pt.
<BC_OS_output/Images/Figure_plot_haz_pred-7.pdf, id=125, 794.97pt x 325.215pt>
File: BC_OS_output/Images/Figure_plot_haz_pred-7.pdf Graphic file (type pdf)
<use BC_OS_output/Images/Figure_plot_haz_pred-7.pdf>
Package pdftex.def Info: BC_OS_output/Images/Figure_plot_haz_pred-7.pdf  used on input line 152.
(pdftex.def)             Requested size: 461.08293pt x 188.62483pt.


[6 <./BC_OS_output/Images/Figure_plot_haz_pred-4.pdf> <./BC_OS_output/Images/Figure_plot_haz_pred-5.pdf> <./BC_OS_output/Images/Figure_plot_haz_pred-6.pdf>]
<BC_OS_output/Images/Figure_plot_haz_pred-8.pdf, id=148, 794.97pt x 325.215pt>
File: BC_OS_output/Images/Figure_plot_haz_pred-8.pdf Graphic file (type pdf)
<use BC_OS_output/Images/Figure_plot_haz_pred-8.pdf>
Package pdftex.def Info: BC_OS_output/Images/Figure_plot_haz_pred-8.pdf  used on input line 154.
(pdftex.def)             Requested size: 461.08293pt x 188.62483pt.
<BC_OS_output/Images/Figure_plot_haz_pred-9.pdf, id=149, 794.97pt x 325.215pt>
File: BC_OS_output/Images/Figure_plot_haz_pred-9.pdf Graphic file (type pdf)
<use BC_OS_output/Images/Figure_plot_haz_pred-9.pdf>
Package pdftex.def Info: BC_OS_output/Images/Figure_plot_haz_pred-9.pdf  used on input line 156.
(pdftex.def)             Requested size: 461.08293pt x 188.62483pt.


[7 <./BC_OS_output/Images/Figure_plot_haz_pred-7.pdf> <./BC_OS_output/Images/Figure_plot_haz_pred-8.pdf> <./BC_OS_output/Images/Figure_plot_haz_pred-9.pdf>]

[8

]
<BC_OS_output/Images/Figure_param_models-1.pdf, id=179, 794.97pt x 325.215pt>
File: BC_OS_output/Images/Figure_param_models-1.pdf Graphic file (type pdf)
<use BC_OS_output/Images/Figure_param_models-1.pdf>
Package pdftex.def Info: BC_OS_output/Images/Figure_param_models-1.pdf  used on input line 191.
(pdftex.def)             Requested size: 397.49615pt x 162.61206pt.
<BC_OS_output/Images/Figure_param_models-2.pdf, id=180, 794.97pt x 325.215pt>
File: BC_OS_output/Images/Figure_param_models-2.pdf Graphic file (type pdf)
<use BC_OS_output/Images/Figure_param_models-2.pdf>
Package pdftex.def Info: BC_OS_output/Images/Figure_param_models-2.pdf  used on input line 193.
(pdftex.def)             Requested size: 397.49615pt x 162.61206pt.
<BC_OS_output/Images/Figure_param_models-3.pdf, id=181, 794.97pt x 325.215pt>
File: BC_OS_output/Images/Figure_param_models-3.pdf Graphic file (type pdf)
<use BC_OS_output/Images/Figure_param_models-3.pdf>
Package pdftex.def Info: BC_OS_output/Images/Figure_param_models-3.pdf  used on input line 195.
(pdftex.def)             Requested size: 397.49615pt x 162.61206pt.


[9


 <./BC_OS_output/Images/Figure_param_models-1.pdf> <./BC_OS_output/Images/Figure_param_models-2.pdf> <./BC_OS_output/Images/Figure_param_models-3.pdf>]
<BC_OS_output/Images/Figure_param_models-4.pdf, id=211, 794.97pt x 325.215pt>
File: BC_OS_output/Images/Figure_param_models-4.pdf Graphic file (type pdf)
<use BC_OS_output/Images/Figure_param_models-4.pdf>
Package pdftex.def Info: BC_OS_output/Images/Figure_param_models-4.pdf  used on input line 201.
(pdftex.def)             Requested size: 397.49615pt x 162.61206pt.
<BC_OS_output/Images/Figure_param_models-5.pdf, id=212, 794.97pt x 325.215pt>
File: BC_OS_output/Images/Figure_param_models-5.pdf Graphic file (type pdf)
<use BC_OS_output/Images/Figure_param_models-5.pdf>
Package pdftex.def Info: BC_OS_output/Images/Figure_param_models-5.pdf  used on input line 203.
(pdftex.def)             Requested size: 397.49615pt x 162.61206pt.
<BC_OS_output/Images/Figure_param_models-6.pdf, id=213, 794.97pt x 325.215pt>
File: BC_OS_output/Images/Figure_param_models-6.pdf Graphic file (type pdf)
<use BC_OS_output/Images/Figure_param_models-6.pdf>
Package pdftex.def Info: BC_OS_output/Images/Figure_param_models-6.pdf  used on input line 205.
(pdftex.def)             Requested size: 397.49615pt x 162.61206pt.


[10

 <./BC_OS_output/Images/Figure_param_models-4.pdf> <./BC_OS_output/Images/Figure_param_models-5.pdf> <./BC_OS_output/Images/Figure_param_models-6.pdf>]
<BC_OS_output/Images/Figure_param_models-7.pdf, id=243, 794.97pt x 325.215pt>
File: BC_OS_output/Images/Figure_param_models-7.pdf Graphic file (type pdf)
<use BC_OS_output/Images/Figure_param_models-7.pdf>
Package pdftex.def Info: BC_OS_output/Images/Figure_param_models-7.pdf  used on input line 211.
(pdftex.def)             Requested size: 397.49615pt x 162.61206pt.
<BC_OS_output/Images/Figure_param_models-8.pdf, id=244, 794.97pt x 325.215pt>
File: BC_OS_output/Images/Figure_param_models-8.pdf Graphic file (type pdf)
<use BC_OS_output/Images/Figure_param_models-8.pdf>
Package pdftex.def Info: BC_OS_output/Images/Figure_param_models-8.pdf  used on input line 213.
(pdftex.def)             Requested size: 397.49615pt x 162.61206pt.
<BC_OS_output/Images/Figure_param_models-9.pdf, id=245, 794.97pt x 325.215pt>
File: BC_OS_output/Images/Figure_param_models-9.pdf Graphic file (type pdf)
<use BC_OS_output/Images/Figure_param_models-9.pdf>
Package pdftex.def Info: BC_OS_output/Images/Figure_param_models-9.pdf  used on input line 215.
(pdftex.def)             Requested size: 397.49615pt x 162.61206pt.


[11

 <./BC_OS_output/Images/Figure_param_models-7.pdf> <./BC_OS_output/Images/Figure_param_models-8.pdf> <./BC_OS_output/Images/Figure_param_models-9.pdf>]
<BC_OS_output/Images/Figure_param_models-10.pdf, id=275, 794.97pt x 325.215pt>
File: BC_OS_output/Images/Figure_param_models-10.pdf Graphic file (type pdf)
<use BC_OS_output/Images/Figure_param_models-10.pdf>
Package pdftex.def Info: BC_OS_output/Images/Figure_param_models-10.pdf  used on input line 221.
(pdftex.def)             Requested size: 397.49615pt x 162.61206pt.
<BC_OS_output/Images/Figure_param_models-11.pdf, id=276, 794.97pt x 325.215pt>
File: BC_OS_output/Images/Figure_param_models-11.pdf Graphic file (type pdf)
<use BC_OS_output/Images/Figure_param_models-11.pdf>
Package pdftex.def Info: BC_OS_output/Images/Figure_param_models-11.pdf  used on input line 223.
(pdftex.def)             Requested size: 397.49615pt x 162.61206pt.
<BC_OS_output/Images/Figure_param_models-12.pdf, id=277, 794.97pt x 325.215pt>
File: BC_OS_output/Images/Figure_param_models-12.pdf Graphic file (type pdf)
<use BC_OS_output/Images/Figure_param_models-12.pdf>
Package pdftex.def Info: BC_OS_output/Images/Figure_param_models-12.pdf  used on input line 225.
(pdftex.def)             Requested size: 397.49615pt x 162.61206pt.


[12

 <./BC_OS_output/Images/Figure_param_models-10.pdf> <./BC_OS_output/Images/Figure_param_models-11.pdf> <./BC_OS_output/Images/Figure_param_models-12.pdf>]
<BC_OS_output/Images/Figure_param_models-13.pdf, id=308, 794.97pt x 325.215pt>
File: BC_OS_output/Images/Figure_param_models-13.pdf Graphic file (type pdf)
<use BC_OS_output/Images/Figure_param_models-13.pdf>
Package pdftex.def Info: BC_OS_output/Images/Figure_param_models-13.pdf  used on input line 231.
(pdftex.def)             Requested size: 397.49615pt x 162.61206pt.
<BC_OS_output/Images/Figure_param_models-14.pdf, id=309, 794.97pt x 325.215pt>
File: BC_OS_output/Images/Figure_param_models-14.pdf Graphic file (type pdf)
<use BC_OS_output/Images/Figure_param_models-14.pdf>
Package pdftex.def Info: BC_OS_output/Images/Figure_param_models-14.pdf  used on input line 233.
(pdftex.def)             Requested size: 397.49615pt x 162.61206pt.
<BC_OS_output/Images/Figure_param_models-15.pdf, id=310, 794.97pt x 325.215pt>
File: BC_OS_output/Images/Figure_param_models-15.pdf Graphic file (type pdf)
<use BC_OS_output/Images/Figure_param_models-15.pdf>
Package pdftex.def Info: BC_OS_output/Images/Figure_param_models-15.pdf  used on input line 235.
(pdftex.def)             Requested size: 397.49615pt x 162.61206pt.


[13

 <./BC_OS_output/Images/Figure_param_models-13.pdf> <./BC_OS_output/Images/Figure_param_models-14.pdf> <./BC_OS_output/Images/Figure_param_models-15.pdf>]
<BC_OS_output/Images/Figure_param_models-16.pdf, id=341, 794.97pt x 325.215pt>
File: BC_OS_output/Images/Figure_param_models-16.pdf Graphic file (type pdf)
<use BC_OS_output/Images/Figure_param_models-16.pdf>
Package pdftex.def Info: BC_OS_output/Images/Figure_param_models-16.pdf  used on input line 241.
(pdftex.def)             Requested size: 397.49615pt x 162.61206pt.
<BC_OS_output/Images/Figure_param_models-17.pdf, id=342, 794.97pt x 325.215pt>
File: BC_OS_output/Images/Figure_param_models-17.pdf Graphic file (type pdf)
<use BC_OS_output/Images/Figure_param_models-17.pdf>
Package pdftex.def Info: BC_OS_output/Images/Figure_param_models-17.pdf  used on input line 243.
(pdftex.def)             Requested size: 397.49615pt x 162.61206pt.
<BC_OS_output/Images/Figure_param_models-18.pdf, id=343, 794.97pt x 325.215pt>
File: BC_OS_output/Images/Figure_param_models-18.pdf Graphic file (type pdf)
<use BC_OS_output/Images/Figure_param_models-18.pdf>
Package pdftex.def Info: BC_OS_output/Images/Figure_param_models-18.pdf  used on input line 245.
(pdftex.def)             Requested size: 397.49615pt x 162.61206pt.


[14

 <./BC_OS_output/Images/Figure_param_models-16.pdf> <./BC_OS_output/Images/Figure_param_models-17.pdf> <./BC_OS_output/Images/Figure_param_models-18.pdf>]
<BC_OS_output/Images/Figure_param_models-19.pdf, id=373, 794.97pt x 325.215pt>
File: BC_OS_output/Images/Figure_param_models-19.pdf Graphic file (type pdf)
<use BC_OS_output/Images/Figure_param_models-19.pdf>
Package pdftex.def Info: BC_OS_output/Images/Figure_param_models-19.pdf  used on input line 251.
(pdftex.def)             Requested size: 397.49615pt x 162.61206pt.
<BC_OS_output/Images/Figure_param_models-20.pdf, id=374, 794.97pt x 325.215pt>
File: BC_OS_output/Images/Figure_param_models-20.pdf Graphic file (type pdf)
<use BC_OS_output/Images/Figure_param_models-20.pdf>
Package pdftex.def Info: BC_OS_output/Images/Figure_param_models-20.pdf  used on input line 253.
(pdftex.def)             Requested size: 397.49615pt x 162.61206pt.
<BC_OS_output/Images/Figure_param_models-21.pdf, id=375, 794.97pt x 325.215pt>
File: BC_OS_output/Images/Figure_param_models-21.pdf Graphic file (type pdf)
<use BC_OS_output/Images/Figure_param_models-21.pdf>
Package pdftex.def Info: BC_OS_output/Images/Figure_param_models-21.pdf  used on input line 255.
(pdftex.def)             Requested size: 397.49615pt x 162.61206pt.


[15

 <./BC_OS_output/Images/Figure_param_models-19.pdf> <./BC_OS_output/Images/Figure_param_models-20.pdf> <./BC_OS_output/Images/Figure_param_models-21.pdf>]

[16

]
<BC_OS_output/Images/Figure_spline_models-1.pdf, id=411, 794.97pt x 325.215pt>
File: BC_OS_output/Images/Figure_spline_models-1.pdf Graphic file (type pdf)
<use BC_OS_output/Images/Figure_spline_models-1.pdf>
Package pdftex.def Info: BC_OS_output/Images/Figure_spline_models-1.pdf  used on input line 297.
(pdftex.def)             Requested size: 397.49615pt x 162.61206pt.
<BC_OS_output/Images/Figure_spline_models-2.pdf, id=412, 794.97pt x 325.215pt>
File: BC_OS_output/Images/Figure_spline_models-2.pdf Graphic file (type pdf)
<use BC_OS_output/Images/Figure_spline_models-2.pdf>
Package pdftex.def Info: BC_OS_output/Images/Figure_spline_models-2.pdf  used on input line 299.
(pdftex.def)             Requested size: 397.49615pt x 162.61206pt.
<BC_OS_output/Images/Figure_spline_models-3.pdf, id=413, 794.97pt x 325.215pt>
File: BC_OS_output/Images/Figure_spline_models-3.pdf Graphic file (type pdf)
<use BC_OS_output/Images/Figure_spline_models-3.pdf>
Package pdftex.def Info: BC_OS_output/Images/Figure_spline_models-3.pdf  used on input line 301.
(pdftex.def)             Requested size: 397.49615pt x 162.61206pt.


[17


 <./BC_OS_output/Images/Figure_spline_models-1.pdf> <./BC_OS_output/Images/Figure_spline_models-2.pdf> <./BC_OS_output/Images/Figure_spline_models-3.pdf>]
<BC_OS_output/Images/Figure_spline_models-4.pdf, id=443, 794.97pt x 325.215pt>
File: BC_OS_output/Images/Figure_spline_models-4.pdf Graphic file (type pdf)
<use BC_OS_output/Images/Figure_spline_models-4.pdf>
Package pdftex.def Info: BC_OS_output/Images/Figure_spline_models-4.pdf  used on input line 307.
(pdftex.def)             Requested size: 397.49615pt x 162.61206pt.
<BC_OS_output/Images/Figure_spline_models-5.pdf, id=444, 794.97pt x 325.215pt>
File: BC_OS_output/Images/Figure_spline_models-5.pdf Graphic file (type pdf)
<use BC_OS_output/Images/Figure_spline_models-5.pdf>
Package pdftex.def Info: BC_OS_output/Images/Figure_spline_models-5.pdf  used on input line 309.
(pdftex.def)             Requested size: 397.49615pt x 162.61206pt.
<BC_OS_output/Images/Figure_spline_models-6.pdf, id=445, 794.97pt x 325.215pt>
File: BC_OS_output/Images/Figure_spline_models-6.pdf Graphic file (type pdf)
<use BC_OS_output/Images/Figure_spline_models-6.pdf>
Package pdftex.def Info: BC_OS_output/Images/Figure_spline_models-6.pdf  used on input line 311.
(pdftex.def)             Requested size: 397.49615pt x 162.61206pt.


[18

 <./BC_OS_output/Images/Figure_spline_models-4.pdf> <./BC_OS_output/Images/Figure_spline_models-5.pdf> <./BC_OS_output/Images/Figure_spline_models-6.pdf>]
<BC_OS_output/Images/Figure_spline_models-7.pdf, id=475, 794.97pt x 325.215pt>
File: BC_OS_output/Images/Figure_spline_models-7.pdf Graphic file (type pdf)
<use BC_OS_output/Images/Figure_spline_models-7.pdf>
Package pdftex.def Info: BC_OS_output/Images/Figure_spline_models-7.pdf  used on input line 317.
(pdftex.def)             Requested size: 397.49615pt x 162.61206pt.
<BC_OS_output/Images/Figure_spline_models-8.pdf, id=476, 794.97pt x 325.215pt>
File: BC_OS_output/Images/Figure_spline_models-8.pdf Graphic file (type pdf)
<use BC_OS_output/Images/Figure_spline_models-8.pdf>
Package pdftex.def Info: BC_OS_output/Images/Figure_spline_models-8.pdf  used on input line 319.
(pdftex.def)             Requested size: 397.49615pt x 162.61206pt.
<BC_OS_output/Images/Figure_spline_models-9.pdf, id=477, 794.97pt x 325.215pt>
File: BC_OS_output/Images/Figure_spline_models-9.pdf Graphic file (type pdf)
<use BC_OS_output/Images/Figure_spline_models-9.pdf>
Package pdftex.def Info: BC_OS_output/Images/Figure_spline_models-9.pdf  used on input line 321.
(pdftex.def)             Requested size: 397.49615pt x 162.61206pt.


[19

 <./BC_OS_output/Images/Figure_spline_models-7.pdf> <./BC_OS_output/Images/Figure_spline_models-8.pdf> <./BC_OS_output/Images/Figure_spline_models-9.pdf>]
<BC_OS_output/Images/Figure_spline_models-10.pdf, id=508, 794.97pt x 325.215pt>
File: BC_OS_output/Images/Figure_spline_models-10.pdf Graphic file (type pdf)
<use BC_OS_output/Images/Figure_spline_models-10.pdf>
Package pdftex.def Info: BC_OS_output/Images/Figure_spline_models-10.pdf  used on input line 327.
(pdftex.def)             Requested size: 397.49615pt x 162.61206pt.
<BC_OS_output/Images/Figure_spline_models-11.pdf, id=509, 794.97pt x 325.215pt>
File: BC_OS_output/Images/Figure_spline_models-11.pdf Graphic file (type pdf)
<use BC_OS_output/Images/Figure_spline_models-11.pdf>
Package pdftex.def Info: BC_OS_output/Images/Figure_spline_models-11.pdf  used on input line 329.
(pdftex.def)             Requested size: 397.49615pt x 162.61206pt.
<BC_OS_output/Images/Figure_spline_models-12.pdf, id=510, 794.97pt x 325.215pt>
File: BC_OS_output/Images/Figure_spline_models-12.pdf Graphic file (type pdf)
<use BC_OS_output/Images/Figure_spline_models-12.pdf>
Package pdftex.def Info: BC_OS_output/Images/Figure_spline_models-12.pdf  used on input line 331.
(pdftex.def)             Requested size: 397.49615pt x 162.61206pt.


[20

 <./BC_OS_output/Images/Figure_spline_models-10.pdf> <./BC_OS_output/Images/Figure_spline_models-11.pdf> <./BC_OS_output/Images/Figure_spline_models-12.pdf>]
<BC_OS_output/Images/Figure_spline_models-13.pdf, id=541, 794.97pt x 325.215pt>
File: BC_OS_output/Images/Figure_spline_models-13.pdf Graphic file (type pdf)
<use BC_OS_output/Images/Figure_spline_models-13.pdf>
Package pdftex.def Info: BC_OS_output/Images/Figure_spline_models-13.pdf  used on input line 337.
(pdftex.def)             Requested size: 397.49615pt x 162.61206pt.
<BC_OS_output/Images/Figure_spline_models-14.pdf, id=542, 794.97pt x 325.215pt>
File: BC_OS_output/Images/Figure_spline_models-14.pdf Graphic file (type pdf)
<use BC_OS_output/Images/Figure_spline_models-14.pdf>
Package pdftex.def Info: BC_OS_output/Images/Figure_spline_models-14.pdf  used on input line 339.
(pdftex.def)             Requested size: 397.49615pt x 162.61206pt.
<BC_OS_output/Images/Figure_spline_models-15.pdf, id=543, 794.97pt x 325.215pt>
File: BC_OS_output/Images/Figure_spline_models-15.pdf Graphic file (type pdf)
<use BC_OS_output/Images/Figure_spline_models-15.pdf>
Package pdftex.def Info: BC_OS_output/Images/Figure_spline_models-15.pdf  used on input line 341.
(pdftex.def)             Requested size: 397.49615pt x 162.61206pt.


[21

 <./BC_OS_output/Images/Figure_spline_models-13.pdf> <./BC_OS_output/Images/Figure_spline_models-14.pdf> <./BC_OS_output/Images/Figure_spline_models-15.pdf>]
<BC_OS_output/Images/Figure_spline_models-16.pdf, id=573, 794.97pt x 325.215pt>
File: BC_OS_output/Images/Figure_spline_models-16.pdf Graphic file (type pdf)
<use BC_OS_output/Images/Figure_spline_models-16.pdf>
Package pdftex.def Info: BC_OS_output/Images/Figure_spline_models-16.pdf  used on input line 347.
(pdftex.def)             Requested size: 397.49615pt x 162.61206pt.
<BC_OS_output/Images/Figure_spline_models-17.pdf, id=574, 794.97pt x 325.215pt>
File: BC_OS_output/Images/Figure_spline_models-17.pdf Graphic file (type pdf)
<use BC_OS_output/Images/Figure_spline_models-17.pdf>
Package pdftex.def Info: BC_OS_output/Images/Figure_spline_models-17.pdf  used on input line 349.
(pdftex.def)             Requested size: 397.49615pt x 162.61206pt.
<BC_OS_output/Images/Figure_spline_models-18.pdf, id=575, 794.97pt x 325.215pt>
File: BC_OS_output/Images/Figure_spline_models-18.pdf Graphic file (type pdf)
<use BC_OS_output/Images/Figure_spline_models-18.pdf>
Package pdftex.def Info: BC_OS_output/Images/Figure_spline_models-18.pdf  used on input line 351.
(pdftex.def)             Requested size: 397.49615pt x 162.61206pt.


[22

 <./BC_OS_output/Images/Figure_spline_models-16.pdf> <./BC_OS_output/Images/Figure_spline_models-17.pdf> <./BC_OS_output/Images/Figure_spline_models-18.pdf>]
<BC_OS_output/Images/Figure_spline_models-19.pdf, id=605, 794.97pt x 325.215pt>
File: BC_OS_output/Images/Figure_spline_models-19.pdf Graphic file (type pdf)
<use BC_OS_output/Images/Figure_spline_models-19.pdf>
Package pdftex.def Info: BC_OS_output/Images/Figure_spline_models-19.pdf  used on input line 357.
(pdftex.def)             Requested size: 397.49615pt x 162.61206pt.
<BC_OS_output/Images/Figure_spline_models-20.pdf, id=606, 794.97pt x 325.215pt>
File: BC_OS_output/Images/Figure_spline_models-20.pdf Graphic file (type pdf)
<use BC_OS_output/Images/Figure_spline_models-20.pdf>
Package pdftex.def Info: BC_OS_output/Images/Figure_spline_models-20.pdf  used on input line 359.
(pdftex.def)             Requested size: 397.49615pt x 162.61206pt.
<BC_OS_output/Images/Figure_spline_models-21.pdf, id=607, 794.97pt x 325.215pt>
File: BC_OS_output/Images/Figure_spline_models-21.pdf Graphic file (type pdf)
<use BC_OS_output/Images/Figure_spline_models-21.pdf>
Package pdftex.def Info: BC_OS_output/Images/Figure_spline_models-21.pdf  used on input line 361.
(pdftex.def)             Requested size: 397.49615pt x 162.61206pt.


[23

 <./BC_OS_output/Images/Figure_spline_models-19.pdf> <./BC_OS_output/Images/Figure_spline_models-20.pdf> <./BC_OS_output/Images/Figure_spline_models-21.pdf>]
<BC_OS_output/Images/Figure_spline_models-22.pdf, id=637, 794.97pt x 325.215pt>
File: BC_OS_output/Images/Figure_spline_models-22.pdf Graphic file (type pdf)
<use BC_OS_output/Images/Figure_spline_models-22.pdf>
Package pdftex.def Info: BC_OS_output/Images/Figure_spline_models-22.pdf  used on input line 367.
(pdftex.def)             Requested size: 397.49615pt x 162.61206pt.
<BC_OS_output/Images/Figure_spline_models-23.pdf, id=638, 794.97pt x 325.215pt>
File: BC_OS_output/Images/Figure_spline_models-23.pdf Graphic file (type pdf)
<use BC_OS_output/Images/Figure_spline_models-23.pdf>
Package pdftex.def Info: BC_OS_output/Images/Figure_spline_models-23.pdf  used on input line 369.
(pdftex.def)             Requested size: 397.49615pt x 162.61206pt.
<BC_OS_output/Images/Figure_spline_models-24.pdf, id=639, 794.97pt x 325.215pt>
File: BC_OS_output/Images/Figure_spline_models-24.pdf Graphic file (type pdf)
<use BC_OS_output/Images/Figure_spline_models-24.pdf>
Package pdftex.def Info: BC_OS_output/Images/Figure_spline_models-24.pdf  used on input line 371.
(pdftex.def)             Requested size: 397.49615pt x 162.61206pt.


[24

 <./BC_OS_output/Images/Figure_spline_models-22.pdf> <./BC_OS_output/Images/Figure_spline_models-23.pdf> <./BC_OS_output/Images/Figure_spline_models-24.pdf>]
<BC_OS_output/Images/Figure_spline_models-25.pdf, id=670, 794.97pt x 325.215pt>
File: BC_OS_output/Images/Figure_spline_models-25.pdf Graphic file (type pdf)
<use BC_OS_output/Images/Figure_spline_models-25.pdf>
Package pdftex.def Info: BC_OS_output/Images/Figure_spline_models-25.pdf  used on input line 377.
(pdftex.def)             Requested size: 397.49615pt x 162.61206pt.
<BC_OS_output/Images/Figure_spline_models-26.pdf, id=671, 794.97pt x 325.215pt>
File: BC_OS_output/Images/Figure_spline_models-26.pdf Graphic file (type pdf)
<use BC_OS_output/Images/Figure_spline_models-26.pdf>
Package pdftex.def Info: BC_OS_output/Images/Figure_spline_models-26.pdf  used on input line 379.
(pdftex.def)             Requested size: 397.49615pt x 162.61206pt.
<BC_OS_output/Images/Figure_spline_models-27.pdf, id=672, 794.97pt x 325.215pt>
File: BC_OS_output/Images/Figure_spline_models-27.pdf Graphic file (type pdf)
<use BC_OS_output/Images/Figure_spline_models-27.pdf>
Package pdftex.def Info: BC_OS_output/Images/Figure_spline_models-27.pdf  used on input line 381.
(pdftex.def)             Requested size: 397.49615pt x 162.61206pt.


[25

 <./BC_OS_output/Images/Figure_spline_models-25.pdf> <./BC_OS_output/Images/Figure_spline_models-26.pdf> <./BC_OS_output/Images/Figure_spline_models-27.pdf>]

[26

]
<BC_OS_output/Images/Figure_cure_models-1.pdf, id=709, 794.97pt x 325.215pt>
File: BC_OS_output/Images/Figure_cure_models-1.pdf Graphic file (type pdf)
<use BC_OS_output/Images/Figure_cure_models-1.pdf>
Package pdftex.def Info: BC_OS_output/Images/Figure_cure_models-1.pdf  used on input line 439.
(pdftex.def)             Requested size: 397.49615pt x 162.61206pt.
<BC_OS_output/Images/Figure_cure_models-2.pdf, id=710, 794.97pt x 325.215pt>
File: BC_OS_output/Images/Figure_cure_models-2.pdf Graphic file (type pdf)
<use BC_OS_output/Images/Figure_cure_models-2.pdf>
Package pdftex.def Info: BC_OS_output/Images/Figure_cure_models-2.pdf  used on input line 441.
(pdftex.def)             Requested size: 397.49615pt x 162.61206pt.
<BC_OS_output/Images/Figure_cure_models-3.pdf, id=711, 794.97pt x 325.215pt>
File: BC_OS_output/Images/Figure_cure_models-3.pdf Graphic file (type pdf)
<use BC_OS_output/Images/Figure_cure_models-3.pdf>
Package pdftex.def Info: BC_OS_output/Images/Figure_cure_models-3.pdf  used on input line 443.
(pdftex.def)             Requested size: 397.49615pt x 162.61206pt.


[27


 <./BC_OS_output/Images/Figure_cure_models-1.pdf> <./BC_OS_output/Images/Figure_cure_models-2.pdf> <./BC_OS_output/Images/Figure_cure_models-3.pdf>]
<BC_OS_output/Images/Figure_cure_models-4.pdf, id=741, 794.97pt x 325.215pt>
File: BC_OS_output/Images/Figure_cure_models-4.pdf Graphic file (type pdf)
<use BC_OS_output/Images/Figure_cure_models-4.pdf>
Package pdftex.def Info: BC_OS_output/Images/Figure_cure_models-4.pdf  used on input line 449.
(pdftex.def)             Requested size: 397.49615pt x 162.61206pt.
<BC_OS_output/Images/Figure_cure_models-5.pdf, id=742, 794.97pt x 325.215pt>
File: BC_OS_output/Images/Figure_cure_models-5.pdf Graphic file (type pdf)
<use BC_OS_output/Images/Figure_cure_models-5.pdf>
Package pdftex.def Info: BC_OS_output/Images/Figure_cure_models-5.pdf  used on input line 451.
(pdftex.def)             Requested size: 397.49615pt x 162.61206pt.
<BC_OS_output/Images/Figure_cure_models-6.pdf, id=743, 794.97pt x 325.215pt>
File: BC_OS_output/Images/Figure_cure_models-6.pdf Graphic file (type pdf)
<use BC_OS_output/Images/Figure_cure_models-6.pdf>
Package pdftex.def Info: BC_OS_output/Images/Figure_cure_models-6.pdf  used on input line 453.
(pdftex.def)             Requested size: 397.49615pt x 162.61206pt.


[28

 <./BC_OS_output/Images/Figure_cure_models-4.pdf> <./BC_OS_output/Images/Figure_cure_models-5.pdf> <./BC_OS_output/Images/Figure_cure_models-6.pdf>]
<BC_OS_output/Images/Figure_cure_models-7.pdf, id=773, 794.97pt x 325.215pt>
File: BC_OS_output/Images/Figure_cure_models-7.pdf Graphic file (type pdf)
<use BC_OS_output/Images/Figure_cure_models-7.pdf>
Package pdftex.def Info: BC_OS_output/Images/Figure_cure_models-7.pdf  used on input line 459.
(pdftex.def)             Requested size: 397.49615pt x 162.61206pt.
<BC_OS_output/Images/Figure_cure_models-8.pdf, id=774, 794.97pt x 325.215pt>
File: BC_OS_output/Images/Figure_cure_models-8.pdf Graphic file (type pdf)
<use BC_OS_output/Images/Figure_cure_models-8.pdf>
Package pdftex.def Info: BC_OS_output/Images/Figure_cure_models-8.pdf  used on input line 461.
(pdftex.def)             Requested size: 397.49615pt x 162.61206pt.
<BC_OS_output/Images/Figure_cure_models-9.pdf, id=775, 794.97pt x 325.215pt>
File: BC_OS_output/Images/Figure_cure_models-9.pdf Graphic file (type pdf)
<use BC_OS_output/Images/Figure_cure_models-9.pdf>
Package pdftex.def Info: BC_OS_output/Images/Figure_cure_models-9.pdf  used on input line 463.
(pdftex.def)             Requested size: 397.49615pt x 162.61206pt.


[29

 <./BC_OS_output/Images/Figure_cure_models-7.pdf> <./BC_OS_output/Images/Figure_cure_models-8.pdf> <./BC_OS_output/Images/Figure_cure_models-9.pdf>]
<BC_OS_output/Images/Figure_cure_models-10.pdf, id=806, 794.97pt x 325.215pt>
File: BC_OS_output/Images/Figure_cure_models-10.pdf Graphic file (type pdf)
<use BC_OS_output/Images/Figure_cure_models-10.pdf>
Package pdftex.def Info: BC_OS_output/Images/Figure_cure_models-10.pdf  used on input line 470.
(pdftex.def)             Requested size: 397.49615pt x 162.61206pt.
<BC_OS_output/Images/Figure_cure_models-11.pdf, id=807, 794.97pt x 325.215pt>
File: BC_OS_output/Images/Figure_cure_models-11.pdf Graphic file (type pdf)
<use BC_OS_output/Images/Figure_cure_models-11.pdf>
Package pdftex.def Info: BC_OS_output/Images/Figure_cure_models-11.pdf  used on input line 472.
(pdftex.def)             Requested size: 397.49615pt x 162.61206pt.
<BC_OS_output/Images/Figure_cure_models-12.pdf, id=808, 794.97pt x 325.215pt>
File: BC_OS_output/Images/Figure_cure_models-12.pdf Graphic file (type pdf)
<use BC_OS_output/Images/Figure_cure_models-12.pdf>
Package pdftex.def Info: BC_OS_output/Images/Figure_cure_models-12.pdf  used on input line 474.
(pdftex.def)             Requested size: 397.49615pt x 162.61206pt.


[30

 <./BC_OS_output/Images/Figure_cure_models-10.pdf> <./BC_OS_output/Images/Figure_cure_models-11.pdf> <./BC_OS_output/Images/Figure_cure_models-12.pdf>]
<BC_OS_output/Images/Figure_cure_models-13.pdf, id=838, 794.97pt x 325.215pt>
File: BC_OS_output/Images/Figure_cure_models-13.pdf Graphic file (type pdf)
<use BC_OS_output/Images/Figure_cure_models-13.pdf>
Package pdftex.def Info: BC_OS_output/Images/Figure_cure_models-13.pdf  used on input line 481.
(pdftex.def)             Requested size: 397.49615pt x 162.61206pt.
<BC_OS_output/Images/Figure_cure_models-14.pdf, id=839, 794.97pt x 325.215pt>
File: BC_OS_output/Images/Figure_cure_models-14.pdf Graphic file (type pdf)
<use BC_OS_output/Images/Figure_cure_models-14.pdf>
Package pdftex.def Info: BC_OS_output/Images/Figure_cure_models-14.pdf  used on input line 483.
(pdftex.def)             Requested size: 397.49615pt x 162.61206pt.
<BC_OS_output/Images/Figure_cure_models-15.pdf, id=840, 794.97pt x 325.215pt>
File: BC_OS_output/Images/Figure_cure_models-15.pdf Graphic file (type pdf)
<use BC_OS_output/Images/Figure_cure_models-15.pdf>
Package pdftex.def Info: BC_OS_output/Images/Figure_cure_models-15.pdf  used on input line 485.
(pdftex.def)             Requested size: 397.49615pt x 162.61206pt.


[31

 <./BC_OS_output/Images/Figure_cure_models-13.pdf> <./BC_OS_output/Images/Figure_cure_models-14.pdf> <./BC_OS_output/Images/Figure_cure_models-15.pdf>]
<BC_OS_output/Images/Figure_cure_models-16.pdf, id=871, 794.97pt x 325.215pt>
File: BC_OS_output/Images/Figure_cure_models-16.pdf Graphic file (type pdf)
<use BC_OS_output/Images/Figure_cure_models-16.pdf>
Package pdftex.def Info: BC_OS_output/Images/Figure_cure_models-16.pdf  used on input line 492.
(pdftex.def)             Requested size: 397.49615pt x 162.61206pt.
<BC_OS_output/Images/Figure_cure_models-17.pdf, id=872, 794.97pt x 325.215pt>
File: BC_OS_output/Images/Figure_cure_models-17.pdf Graphic file (type pdf)
<use BC_OS_output/Images/Figure_cure_models-17.pdf>
Package pdftex.def Info: BC_OS_output/Images/Figure_cure_models-17.pdf  used on input line 494.
(pdftex.def)             Requested size: 397.49615pt x 162.61206pt.
<BC_OS_output/Images/Figure_cure_models-18.pdf, id=873, 794.97pt x 325.215pt>
File: BC_OS_output/Images/Figure_cure_models-18.pdf Graphic file (type pdf)
<use BC_OS_output/Images/Figure_cure_models-18.pdf>
Package pdftex.def Info: BC_OS_output/Images/Figure_cure_models-18.pdf  used on input line 496.
(pdftex.def)             Requested size: 397.49615pt x 162.61206pt.


[32

 <./BC_OS_output/Images/Figure_cure_models-16.pdf> <./BC_OS_output/Images/Figure_cure_models-17.pdf> <./BC_OS_output/Images/Figure_cure_models-18.pdf>]
<BC_OS_output/Images/Figure_validate_extrapolation_KM-1.pdf, id=903, 794.97pt x 325.215pt>
File: BC_OS_output/Images/Figure_validate_extrapolation_KM-1.pdf Graphic file (type pdf)
<use BC_OS_output/Images/Figure_validate_extrapolation_KM-1.pdf>
Package pdftex.def Info: BC_OS_output/Images/Figure_validate_extrapolation_KM-1.pdf  used on input line 504.
(pdftex.def)             Requested size: 461.08293pt x 188.62483pt.
<BC_OS_output/Images/Figure_validate_extrapolation_KM-2.pdf, id=904, 794.97pt x 325.215pt>
File: BC_OS_output/Images/Figure_validate_extrapolation_KM-2.pdf Graphic file (type pdf)
<use BC_OS_output/Images/Figure_validate_extrapolation_KM-2.pdf>
Package pdftex.def Info: BC_OS_output/Images/Figure_validate_extrapolation_KM-2.pdf  used on input line 506.
(pdftex.def)             Requested size: 461.08293pt x 188.62483pt.
<BC_OS_output/Images/Figure_validate_extrapolation_KM-3.pdf, id=905, 794.97pt x 325.215pt>
File: BC_OS_output/Images/Figure_validate_extrapolation_KM-3.pdf Graphic file (type pdf)
<use BC_OS_output/Images/Figure_validate_extrapolation_KM-3.pdf>
Package pdftex.def Info: BC_OS_output/Images/Figure_validate_extrapolation_KM-3.pdf  used on input line 508.
(pdftex.def)             Requested size: 461.08293pt x 188.62483pt.
<BC_OS_output/Images/Figure_validate_extrapolation_KM-4.pdf, id=906, 794.97pt x 325.215pt>
File: BC_OS_output/Images/Figure_validate_extrapolation_KM-4.pdf Graphic file (type pdf)
<use BC_OS_output/Images/Figure_validate_extrapolation_KM-4.pdf>
Package pdftex.def Info: BC_OS_output/Images/Figure_validate_extrapolation_KM-4.pdf  used on input line 510.
(pdftex.def)             Requested size: 461.08293pt x 188.62483pt.


[33

 <./BC_OS_output/Images/Figure_validate_extrapolation_KM-1.pdf> <./BC_OS_output/Images/Figure_validate_extrapolation_KM-2.pdf> <./BC_OS_output/Images/Figure_validate_extrapolation_KM-3.pdf>]
<BC_OS_output/Images/Figure_validate_extrapolation_KM-5.pdf, id=939, 794.97pt x 325.215pt>
File: BC_OS_output/Images/Figure_validate_extrapolation_KM-5.pdf Graphic file (type pdf)
<use BC_OS_output/Images/Figure_validate_extrapolation_KM-5.pdf>
Package pdftex.def Info: BC_OS_output/Images/Figure_validate_extrapolation_KM-5.pdf  used on input line 512.
(pdftex.def)             Requested size: 461.08293pt x 188.62483pt.
<BC_OS_output/Images/Figure_validate_extrapolation_KM-6.pdf, id=940, 794.97pt x 325.215pt>
File: BC_OS_output/Images/Figure_validate_extrapolation_KM-6.pdf Graphic file (type pdf)
<use BC_OS_output/Images/Figure_validate_extrapolation_KM-6.pdf>
Package pdftex.def Info: BC_OS_output/Images/Figure_validate_extrapolation_KM-6.pdf  used on input line 514.
(pdftex.def)             Requested size: 461.08293pt x 188.62483pt.
<BC_OS_output/Images/Figure_validate_extrapolation_KM-7.pdf, id=941, 794.97pt x 325.215pt>
File: BC_OS_output/Images/Figure_validate_extrapolation_KM-7.pdf Graphic file (type pdf)
<use BC_OS_output/Images/Figure_validate_extrapolation_KM-7.pdf>
Package pdftex.def Info: BC_OS_output/Images/Figure_validate_extrapolation_KM-7.pdf  used on input line 516.
(pdftex.def)             Requested size: 461.08293pt x 188.62483pt.


[34 <./BC_OS_output/Images/Figure_validate_extrapolation_KM-4.pdf> <./BC_OS_output/Images/Figure_validate_extrapolation_KM-5.pdf> <./BC_OS_output/Images/Figure_validate_extrapolation_KM-6.pdf>]
<BC_OS_output/Images/Figure_validate_extrapolation_KM-8.pdf, id=973, 794.97pt x 325.215pt>
File: BC_OS_output/Images/Figure_validate_extrapolation_KM-8.pdf Graphic file (type pdf)
<use BC_OS_output/Images/Figure_validate_extrapolation_KM-8.pdf>
Package pdftex.def Info: BC_OS_output/Images/Figure_validate_extrapolation_KM-8.pdf  used on input line 518.
(pdftex.def)             Requested size: 461.08293pt x 188.62483pt.
<BC_OS_output/Images/Figure_validate_extrapolation_KM-9.pdf, id=974, 794.97pt x 325.215pt>
File: BC_OS_output/Images/Figure_validate_extrapolation_KM-9.pdf Graphic file (type pdf)
<use BC_OS_output/Images/Figure_validate_extrapolation_KM-9.pdf>
Package pdftex.def Info: BC_OS_output/Images/Figure_validate_extrapolation_KM-9.pdf  used on input line 520.
(pdftex.def)             Requested size: 461.08293pt x 188.62483pt.


[35 <./BC_OS_output/Images/Figure_validate_extrapolation_KM-7.pdf> <./BC_OS_output/Images/Figure_validate_extrapolation_KM-8.pdf> <./BC_OS_output/Images/Figure_validate_extrapolation_KM-9.pdf>]
<BC_OS_output/Images/Figure_validate_extrapolation_tp-1.pdf, id=1006, 794.97pt x 325.215pt>
File: BC_OS_output/Images/Figure_validate_extrapolation_tp-1.pdf Graphic file (type pdf)
<use BC_OS_output/Images/Figure_validate_extrapolation_tp-1.pdf>
Package pdftex.def Info: BC_OS_output/Images/Figure_validate_extrapolation_tp-1.pdf  used on input line 527.
(pdftex.def)             Requested size: 461.08293pt x 188.62483pt.
<BC_OS_output/Images/Figure_validate_extrapolation_tp-2.pdf, id=1007, 794.97pt x 325.215pt>
File: BC_OS_output/Images/Figure_validate_extrapolation_tp-2.pdf Graphic file (type pdf)
<use BC_OS_output/Images/Figure_validate_extrapolation_tp-2.pdf>
Package pdftex.def Info: BC_OS_output/Images/Figure_validate_extrapolation_tp-2.pdf  used on input line 529.
(pdftex.def)             Requested size: 461.08293pt x 188.62483pt.
<BC_OS_output/Images/Figure_validate_extrapolation_tp-3.pdf, id=1008, 794.97pt x 325.215pt>
File: BC_OS_output/Images/Figure_validate_extrapolation_tp-3.pdf Graphic file (type pdf)
<use BC_OS_output/Images/Figure_validate_extrapolation_tp-3.pdf>
Package pdftex.def Info: BC_OS_output/Images/Figure_validate_extrapolation_tp-3.pdf  used on input line 531.
(pdftex.def)             Requested size: 461.08293pt x 188.62483pt.
<BC_OS_output/Images/Figure_validate_extrapolation_tp-4.pdf, id=1009, 794.97pt x 325.215pt>
File: BC_OS_output/Images/Figure_validate_extrapolation_tp-4.pdf Graphic file (type pdf)
<use BC_OS_output/Images/Figure_validate_extrapolation_tp-4.pdf>
Package pdftex.def Info: BC_OS_output/Images/Figure_validate_extrapolation_tp-4.pdf  used on input line 533.
(pdftex.def)             Requested size: 461.08293pt x 188.62483pt.


[36

 <./BC_OS_output/Images/Figure_validate_extrapolation_tp-1.pdf> <./BC_OS_output/Images/Figure_validate_extrapolation_tp-2.pdf> <./BC_OS_output/Images/Figure_validate_extrapolation_tp-3.pdf>]
<BC_OS_output/Images/Figure_validate_extrapolation_tp-5.pdf, id=1041, 794.97pt x 325.215pt>
File: BC_OS_output/Images/Figure_validate_extrapolation_tp-5.pdf Graphic file (type pdf)
<use BC_OS_output/Images/Figure_validate_extrapolation_tp-5.pdf>
Package pdftex.def Info: BC_OS_output/Images/Figure_validate_extrapolation_tp-5.pdf  used on input line 535.
(pdftex.def)             Requested size: 461.08293pt x 188.62483pt.
<BC_OS_output/Images/Figure_validate_extrapolation_tp-6.pdf, id=1042, 794.97pt x 325.215pt>
File: BC_OS_output/Images/Figure_validate_extrapolation_tp-6.pdf Graphic file (type pdf)
<use BC_OS_output/Images/Figure_validate_extrapolation_tp-6.pdf>
Package pdftex.def Info: BC_OS_output/Images/Figure_validate_extrapolation_tp-6.pdf  used on input line 537.
(pdftex.def)             Requested size: 461.08293pt x 188.62483pt.
<BC_OS_output/Images/Figure_validate_extrapolation_tp-7.pdf, id=1043, 794.97pt x 325.215pt>
File: BC_OS_output/Images/Figure_validate_extrapolation_tp-7.pdf Graphic file (type pdf)
<use BC_OS_output/Images/Figure_validate_extrapolation_tp-7.pdf>
Package pdftex.def Info: BC_OS_output/Images/Figure_validate_extrapolation_tp-7.pdf  used on input line 539.
(pdftex.def)             Requested size: 461.08293pt x 188.62483pt.


[37 <./BC_OS_output/Images/Figure_validate_extrapolation_tp-4.pdf> <./BC_OS_output/Images/Figure_validate_extrapolation_tp-5.pdf> <./BC_OS_output/Images/Figure_validate_extrapolation_tp-6.pdf>]
<BC_OS_output/Images/Figure_validate_extrapolation_tp-8.pdf, id=1068, 794.97pt x 325.215pt>
File: BC_OS_output/Images/Figure_validate_extrapolation_tp-8.pdf Graphic file (type pdf)
<use BC_OS_output/Images/Figure_validate_extrapolation_tp-8.pdf>
Package pdftex.def Info: BC_OS_output/Images/Figure_validate_extrapolation_tp-8.pdf  used on input line 541.
(pdftex.def)             Requested size: 461.08293pt x 188.62483pt.
<BC_OS_output/Images/Figure_validate_extrapolation_tp-9.pdf, id=1069, 794.97pt x 325.215pt>
File: BC_OS_output/Images/Figure_validate_extrapolation_tp-9.pdf Graphic file (type pdf)
<use BC_OS_output/Images/Figure_validate_extrapolation_tp-9.pdf>
Package pdftex.def Info: BC_OS_output/Images/Figure_validate_extrapolation_tp-9.pdf  used on input line 543.
(pdftex.def)             Requested size: 461.08293pt x 188.62483pt.


[38 <./BC_OS_output/Images/Figure_validate_extrapolation_tp-7.pdf> <./BC_OS_output/Images/Figure_validate_extrapolation_tp-8.pdf> <./BC_OS_output/Images/Figure_validate_extrapolation_tp-9.pdf>]
<BC_OS_output/Images/Figure_validate_extrapolation_hr-1.pdf, id=1092, 794.97pt x 325.215pt>
File: BC_OS_output/Images/Figure_validate_extrapolation_hr-1.pdf Graphic file (type pdf)
<use BC_OS_output/Images/Figure_validate_extrapolation_hr-1.pdf>
Package pdftex.def Info: BC_OS_output/Images/Figure_validate_extrapolation_hr-1.pdf  used on input line 550.
(pdftex.def)             Requested size: 461.08293pt x 188.62483pt.
<BC_OS_output/Images/Figure_validate_extrapolation_hr-2.pdf, id=1093, 794.97pt x 325.215pt>
File: BC_OS_output/Images/Figure_validate_extrapolation_hr-2.pdf Graphic file (type pdf)
<use BC_OS_output/Images/Figure_validate_extrapolation_hr-2.pdf>
Package pdftex.def Info: BC_OS_output/Images/Figure_validate_extrapolation_hr-2.pdf  used on input line 552.
(pdftex.def)             Requested size: 461.08293pt x 188.62483pt.
<BC_OS_output/Images/Figure_validate_extrapolation_hr-3.pdf, id=1094, 794.97pt x 325.215pt>
File: BC_OS_output/Images/Figure_validate_extrapolation_hr-3.pdf Graphic file (type pdf)
<use BC_OS_output/Images/Figure_validate_extrapolation_hr-3.pdf>
Package pdftex.def Info: BC_OS_output/Images/Figure_validate_extrapolation_hr-3.pdf  used on input line 554.
(pdftex.def)             Requested size: 461.08293pt x 188.62483pt.
<BC_OS_output/Images/Figure_validate_extrapolation_hr-4.pdf, id=1095, 794.97pt x 325.215pt>
File: BC_OS_output/Images/Figure_validate_extrapolation_hr-4.pdf Graphic file (type pdf)
<use BC_OS_output/Images/Figure_validate_extrapolation_hr-4.pdf>
Package pdftex.def Info: BC_OS_output/Images/Figure_validate_extrapolation_hr-4.pdf  used on input line 556.
(pdftex.def)             Requested size: 461.08293pt x 188.62483pt.


[39

 <./BC_OS_output/Images/Figure_validate_extrapolation_hr-1.pdf> <./BC_OS_output/Images/Figure_validate_extrapolation_hr-2.pdf> <./BC_OS_output/Images/Figure_validate_extrapolation_hr-3.pdf>]
<BC_OS_output/Images/Figure_validate_extrapolation_hr-5.pdf, id=1118, 794.97pt x 325.215pt>
File: BC_OS_output/Images/Figure_validate_extrapolation_hr-5.pdf Graphic file (type pdf)
<use BC_OS_output/Images/Figure_validate_extrapolation_hr-5.pdf>
Package pdftex.def Info: BC_OS_output/Images/Figure_validate_extrapolation_hr-5.pdf  used on input line 558.
(pdftex.def)             Requested size: 461.08293pt x 188.62483pt.
<BC_OS_output/Images/Figure_validate_extrapolation_hr-6.pdf, id=1119, 794.97pt x 325.215pt>
File: BC_OS_output/Images/Figure_validate_extrapolation_hr-6.pdf Graphic file (type pdf)
<use BC_OS_output/Images/Figure_validate_extrapolation_hr-6.pdf>
Package pdftex.def Info: BC_OS_output/Images/Figure_validate_extrapolation_hr-6.pdf  used on input line 560.
(pdftex.def)             Requested size: 461.08293pt x 188.62483pt.
<BC_OS_output/Images/Figure_validate_extrapolation_hr-7.pdf, id=1120, 794.97pt x 325.215pt>
File: BC_OS_output/Images/Figure_validate_extrapolation_hr-7.pdf Graphic file (type pdf)
<use BC_OS_output/Images/Figure_validate_extrapolation_hr-7.pdf>
Package pdftex.def Info: BC_OS_output/Images/Figure_validate_extrapolation_hr-7.pdf  used on input line 562.
(pdftex.def)             Requested size: 461.08293pt x 188.62483pt.


[40 <./BC_OS_output/Images/Figure_validate_extrapolation_hr-4.pdf> <./BC_OS_output/Images/Figure_validate_extrapolation_hr-5.pdf> <./BC_OS_output/Images/Figure_validate_extrapolation_hr-6.pdf>]
<BC_OS_output/Images/Figure_validate_extrapolation_hr-8.pdf, id=1143, 794.97pt x 325.215pt>
File: BC_OS_output/Images/Figure_validate_extrapolation_hr-8.pdf Graphic file (type pdf)
<use BC_OS_output/Images/Figure_validate_extrapolation_hr-8.pdf>
Package pdftex.def Info: BC_OS_output/Images/Figure_validate_extrapolation_hr-8.pdf  used on input line 564.
(pdftex.def)             Requested size: 461.08293pt x 188.62483pt.
<BC_OS_output/Images/Figure_validate_extrapolation_hr-9.pdf, id=1144, 794.97pt x 325.215pt>
File: BC_OS_output/Images/Figure_validate_extrapolation_hr-9.pdf Graphic file (type pdf)
<use BC_OS_output/Images/Figure_validate_extrapolation_hr-9.pdf>
Package pdftex.def Info: BC_OS_output/Images/Figure_validate_extrapolation_hr-9.pdf  used on input line 566.
(pdftex.def)             Requested size: 461.08293pt x 188.62483pt.


[41 <./BC_OS_output/Images/Figure_validate_extrapolation_hr-7.pdf> <./BC_OS_output/Images/Figure_validate_extrapolation_hr-8.pdf> <./BC_OS_output/Images/Figure_validate_extrapolation_hr-9.pdf>]

[42

]

[43

]

[44

]
LaTeX Font Info:    Trying to load font information for T1+lmtt on input line 797.
(c:/Users/g10028783/AppData/Roaming/TinyTeX/texmf-dist/tex/latex/lm/t1lmtt.fd
File: t1lmtt.fd 2015/05/01 v1.6.1 Font defs for Latin Modern
)
Overfull \hbox (18.49356pt too wide) in paragraph at lines 944--944
[]\T1/lmtt/m/n/10 ##   ..$ group               : Factor w/ 3 levels "Good","Medium",..: 1 1 1 1 1 1 1 1 1 1 ...[] 
 []


Overfull \hbox (44.74348pt too wide) in paragraph at lines 944--944
[]\T1/lmtt/m/n/10 ##   ..$ rate               : chr [1:24] "expo" "rate" "-2.80703426596042" "-3.08148411925748" ...[] 
 []


Overfull \hbox (81.49338pt too wide) in paragraph at lines 944--944
[]\T1/lmtt/m/n/10 ##   ..$ groupMedium        : chr [1:24] "expo" "groupMedium" "0.818021897705403" "0.482435189564671" ...[] 
 []


Overfull \hbox (60.49344pt too wide) in paragraph at lines 944--944
[]\T1/lmtt/m/n/10 ##   ..$ groupPoor          : chr [1:24] "expo" "groupPoor" "1.53752320421143" "1.21843772753164" ...[] 
 []


Overfull \hbox (49.99347pt too wide) in paragraph at lines 944--944
[]\T1/lmtt/m/n/10 ##   ..$ shape              : chr [1:24] "weib" "shape" "0.522842941227738" "0.285099322690929" ...[] 
 []


Overfull \hbox (39.4935pt too wide) in paragraph at lines 944--944
[]\T1/lmtt/m/n/10 ##   ..$ scale              : chr [1:24] "weib" "scale" "2.26626166011077" "2.02632949004802" ...[] 
 []


Overfull \hbox (91.99335pt too wide) in paragraph at lines 944--944
[]\T1/lmtt/m/n/10 ##   ..$ groupMedium        : chr [1:24] "weib" "groupMedium" "-0.447145140906987" "-0.732231654626038" ...[] 
 []


Overfull \hbox (65.74342pt too wide) in paragraph at lines 944--944
[]\T1/lmtt/m/n/10 ##   ..$ groupPoor          : chr [1:24] "weib" "groupPoor" "-1.0384947611494" "-1.30926136509352" ...[] 
 []


Overfull \hbox (123.49326pt too wide) in paragraph at lines 944--944
[]\T1/lmtt/m/n/10 ##   ..$ shape(groupMedium) : chr [1:24] "weib" "shape(groupMedium)" "-0.193739409990849" "-0.48403844423884" ...[] 
 []


Overfull \hbox (118.24327pt too wide) in paragraph at lines 944--944
[]\T1/lmtt/m/n/10 ##   ..$ shape(groupPoor)   : chr [1:24] "weib" "shape(groupPoor)" "-0.258211641329158" "-0.530410174966165" ...[] 
 []


Overfull \hbox (49.99347pt too wide) in paragraph at lines 944--944
[]\T1/lmtt/m/n/10 ##   ..$ shape              : chr [1:24] "gom" "shape" "0.221650478494696" "0.0571597766378877" ...[] 
 []


Overfull \hbox (39.4935pt too wide) in paragraph at lines 944--944
[]\T1/lmtt/m/n/10 ##   ..$ rate               : chr [1:24] "gom" "rate" "-3.36564422440594" "-3.90407851702435" ...[] 
 []


Overfull \hbox (70.99341pt too wide) in paragraph at lines 944--944
[]\T1/lmtt/m/n/10 ##   ..$ groupMedium        : chr [1:24] "gom" "groupMedium" "1.06685398302701" "0.423029806773669" ...[] 
 []


Overfull \hbox (49.99347pt too wide) in paragraph at lines 944--944
[]\T1/lmtt/m/n/10 ##   ..$ groupPoor          : chr [1:24] "gom" "groupPoor" "1.9540432716812" "1.35352047967122" ...[] 
 []


Overfull \hbox (128.74324pt too wide) in paragraph at lines 944--944
[]\T1/lmtt/m/n/10 ##   ..$ shape(groupMedium) : chr [1:24] "gom" "shape(groupMedium)" "-0.0847240786449626" "-0.289307606940079" ...[] 
 []


Overfull \hbox (112.99329pt too wide) in paragraph at lines 944--944
[]\T1/lmtt/m/n/10 ##   ..$ shape(groupPoor)   : chr [1:24] "gom" "shape(groupPoor)" "-0.138758583249691" "-0.340847146615907" ...[] 
 []


Overfull \hbox (55.24345pt too wide) in paragraph at lines 944--944
[]\T1/lmtt/m/n/10 ##   ..$ meanlog            : chr [1:24] "lnorm" "meanlog" "2.15766237442877" "1.89389741374292" ...[] 
 []


Overfull \hbox (70.99341pt too wide) in paragraph at lines 944--944
[]\T1/lmtt/m/n/10 ##   ..$ sdlog              : chr [1:24] "lnorm" "sdlog" "-0.0231614685999281" "-0.240079127188789" ...[] 
 []


Overfull \hbox (97.24333pt too wide) in paragraph at lines 944--944
[]\T1/lmtt/m/n/10 ##   ..$ groupMedium        : chr [1:24] "lnorm" "groupMedium" "-0.616405276964592" "-0.931509869641886" ...[] 
 []



[45

]
Overfull \hbox (76.2434pt too wide) in paragraph at lines 944--944
[]\T1/lmtt/m/n/10 ##   ..$ groupPoor          : chr [1:24] "lnorm" "groupPoor" "-1.29461457120387" "-1.59148086932483" ...[] 
 []


Overfull \hbox (133.99323pt too wide) in paragraph at lines 944--944
[]\T1/lmtt/m/n/10 ##   ..$ sdlog(groupMedium) : chr [1:24] "lnorm" "sdlog(groupMedium)" "0.0430707930704261" "-0.220247133683413" ...[] 
 []


Overfull \hbox (118.24327pt too wide) in paragraph at lines 944--944
[]\T1/lmtt/m/n/10 ##   ..$ sdlog(groupPoor)   : chr [1:24] "lnorm" "sdlog(groupPoor)" "-0.035860060637656" "-0.28475437844687" ...[] 
 []


Overfull \hbox (49.99347pt too wide) in paragraph at lines 944--944
[]\T1/lmtt/m/n/10 ##   ..$ shape              : chr [1:24] "llog" "shape" "0.626215586614288" "0.391807869444117" ...[] 
 []


Overfull \hbox (39.4935pt too wide) in paragraph at lines 944--944
[]\T1/lmtt/m/n/10 ##   ..$ scale              : chr [1:24] "llog" "scale" "2.09213155981541" "1.85991061112256" ...[] 
 []


Overfull \hbox (91.99335pt too wide) in paragraph at lines 944--944
[]\T1/lmtt/m/n/10 ##   ..$ groupMedium        : chr [1:24] "llog" "groupMedium" "-0.559250078304111" "-0.843377495291217" ...[] 
 []


Overfull \hbox (70.99341pt too wide) in paragraph at lines 944--944
[]\T1/lmtt/m/n/10 ##   ..$ groupPoor          : chr [1:24] "llog" "groupPoor" "-1.24675818981847" "-1.51563436942317" ...[] 
 []


Overfull \hbox (128.74324pt too wide) in paragraph at lines 944--944
[]\T1/lmtt/m/n/10 ##   ..$ shape(groupMedium) : chr [1:24] "llog" "shape(groupMedium)" "-0.119014027328347" "-0.404025558374602" ...[] 
 []


Overfull \hbox (123.49326pt too wide) in paragraph at lines 944--944
[]\T1/lmtt/m/n/10 ##   ..$ shape(groupPoor)   : chr [1:24] "llog" "shape(groupPoor)" "-0.0445926446637765" "-0.315035624096927" ...[] 
 []


Overfull \hbox (44.74348pt too wide) in paragraph at lines 944--944
[]\T1/lmtt/m/n/10 ##   ..$ shape              : chr [1:24] "gam" "shape" "0.730152742986698" "0.405934219745528" ...[] 
 []


Overfull \hbox (39.4935pt too wide) in paragraph at lines 944--944
[]\T1/lmtt/m/n/10 ##   ..$ rate               : chr [1:24] "gam" "rate" "-1.49809910454757" "-2.03166884973234" ...[] 
 []


Overfull \hbox (76.2434pt too wide) in paragraph at lines 944--944
[]\T1/lmtt/m/n/10 ##   ..$ groupMedium        : chr [1:24] "gam" "groupMedium" "0.24690520822162" "-0.392738296363486" ...[] 
 []


Overfull \hbox (65.74342pt too wide) in paragraph at lines 944--944
[]\T1/lmtt/m/n/10 ##   ..$ groupPoor          : chr [1:24] "gam" "groupPoor" "0.834663901724156" "0.234149853810018" ...[] 
 []


Overfull \hbox (118.24327pt too wide) in paragraph at lines 944--944
[]\T1/lmtt/m/n/10 ##   ..$ shape(groupMedium) : chr [1:24] "gam" "shape(groupMedium)" "-0.22379661876854" "-0.625065262057719" ...[] 
 []


Overfull \hbox (112.99329pt too wide) in paragraph at lines 944--944
[]\T1/lmtt/m/n/10 ##   ..$ shape(groupPoor)   : chr [1:24] "gam" "shape(groupPoor)" "-0.245015909581633" "-0.628451036394306" ...[] 
 []


Overfull \hbox (23.74355pt too wide) in paragraph at lines 944--944
[]\T1/lmtt/m/n/10 ##   ..$ mu                 : chr [1:24] "ggam" "mu" "1.81202668453465" "1.21730209478661" ...[] 
 []


Overfull \hbox (55.24345pt too wide) in paragraph at lines 944--944
[]\T1/lmtt/m/n/10 ##   ..$ sigma              : chr [1:24] "ggam" "sigma" "0.232571933902732" "-0.016741543388701" ...[] 
 []


Overfull \hbox (28.99353pt too wide) in paragraph at lines 944--944
[]\T1/lmtt/m/n/10 ##   ..$ Q                  : chr [1:24] "ggam" "Q" "-1.22829849620357" "-2.75400037606476" ...[] 
 []


Overfull \hbox (86.74336pt too wide) in paragraph at lines 944--944
[]\T1/lmtt/m/n/10 ##   ..$ groupMedium        : chr [1:24] "ggam" "groupMedium" "-0.703779456085614" "-1.46345284222943" ...[] 
 []


Overfull \hbox (70.99341pt too wide) in paragraph at lines 944--944
[]\T1/lmtt/m/n/10 ##   ..$ groupPoor          : chr [1:24] "ggam" "groupPoor" "-1.15639058358082" "-1.81090501002432" ...[] 
 []


Overfull \hbox (128.74324pt too wide) in paragraph at lines 944--944
[]\T1/lmtt/m/n/10 ##   ..$ sigma(groupMedium) : chr [1:24] "ggam" "sigma(groupMedium)" "-0.111742534466758" "-0.400994984162153" ...[] 
 []


Overfull \hbox (118.24327pt too wide) in paragraph at lines 944--944
[]\T1/lmtt/m/n/10 ##   ..$ sigma(groupPoor)   : chr [1:24] "ggam" "sigma(groupPoor)" "-0.251806027157588" "-0.529348754284861" ...[] 
 []


Overfull \hbox (91.99335pt too wide) in paragraph at lines 944--944
[]\T1/lmtt/m/n/10 ##   ..$ Q(groupMedium)     : chr [1:24] "ggam" "Q(groupMedium)" "0.130949690012828" "-1.7041062478985" ...[] 
 []


Overfull \hbox (91.99335pt too wide) in paragraph at lines 944--944
[]\T1/lmtt/m/n/10 ##   ..$ Q(groupPoor)       : chr [1:24] "ggam" "Q(groupPoor)" "0.706102215543455" "-0.924489391519342" ...[] 
 []


Overfull \hbox (97.24333pt too wide) in paragraph at lines 944--944
[]\T1/lmtt/m/n/10 ##   ..$ gamma0             : chr [1:24] "spl_hazard_1" "gamma0" "-4.00166824461331" "-4.73804895372434" ...[] 
 []


Overfull \hbox (86.74336pt too wide) in paragraph at lines 944--944
[]\T1/lmtt/m/n/10 ##   ..$ gamma1             : chr [1:24] "spl_hazard_1" "gamma1" "5.68413827144086" "2.64680689857505" ...[] 
 []


Overfull \hbox (97.24333pt too wide) in paragraph at lines 944--944
[]\T1/lmtt/m/n/10 ##   ..$ gamma2             : chr [1:24] "spl_hazard_1" "gamma2" "0.536346985941307" "0.150091211344567" ...[] 
 []


Overfull \hbox (118.24327pt too wide) in paragraph at lines 944--944
[]\T1/lmtt/m/n/10 ##   ..$ groupMedium        : chr [1:24] "spl_hazard_1" "groupMedium" "1.64701334654769" "0.821214805140719" ...[] 
 []


Overfull \hbox (102.49332pt too wide) in paragraph at lines 944--944
[]\T1/lmtt/m/n/10 ##   ..$ groupPoor          : chr [1:24] "spl_hazard_1" "groupPoor" "2.73852858210568" "1.95737254582953" ...[] 
 []


Overfull \hbox (165.49313pt too wide) in paragraph at lines 944--944
[]\T1/lmtt/m/n/10 ##   ..$ gamma1(groupMedium): chr [1:24] "spl_hazard_1" "gamma1(groupMedium)" "-2.61371799384606" "-5.82220007861285" ...[] 
 []


Overfull \hbox (154.99316pt too wide) in paragraph at lines 944--944
[]\T1/lmtt/m/n/10 ##   ..$ gamma1(groupPoor)  : chr [1:24] "spl_hazard_1" "gamma1(groupPoor)" "-3.04969394511859" "-6.15023020731018" ...[] 
 []


Overfull \hbox (175.9931pt too wide) in paragraph at lines 944--944
[]\T1/lmtt/m/n/10 ##   ..$ gamma2(groupMedium): chr [1:24] "spl_hazard_1" "gamma2(groupMedium)" "-0.286595121633603" "-0.697332687514067" ...[] 
 []


Overfull \hbox (165.49313pt too wide) in paragraph at lines 944--944
[]\T1/lmtt/m/n/10 ##   ..$ gamma2(groupPoor)  : chr [1:24] "spl_hazard_1" "gamma2(groupPoor)" "-0.310481705247366" "-0.707578456048756" ...[] 
 []


Overfull \hbox (81.49338pt too wide) in paragraph at lines 944--944
[]\T1/lmtt/m/n/10 ##   ..$ gamma0             : chr [1:24] "spl_odds_1" "gamma0" "-4.0491737654773" "-4.80121937987566" ...[] 
 []


Overfull \hbox (70.99341pt too wide) in paragraph at lines 944--944
[]\T1/lmtt/m/n/10 ##   ..$ gamma1             : chr [1:24] "spl_odds_1" "gamma1" "5.58348971192191" "2.4370507805455" ...[] 
 []


Overfull \hbox (91.99335pt too wide) in paragraph at lines 944--944
[]\T1/lmtt/m/n/10 ##   ..$ gamma2             : chr [1:24] "spl_odds_1" "gamma2" "0.503676257390164" "0.0982702028126948" ...[] 
 []


Overfull \hbox (107.7433pt too wide) in paragraph at lines 944--944
[]\T1/lmtt/m/n/10 ##   ..$ groupMedium        : chr [1:24] "spl_odds_1" "groupMedium" "1.68509095473313" "0.829331935950268" ...[] 
 []


Overfull \hbox (91.99335pt too wide) in paragraph at lines 944--944
[]\T1/lmtt/m/n/10 ##   ..$ groupPoor          : chr [1:24] "spl_odds_1" "groupPoor" "2.81726297700326" "1.99594335877646" ...[] 
 []


Overfull \hbox (149.74318pt too wide) in paragraph at lines 944--944
[]\T1/lmtt/m/n/10 ##   ..$ gamma1(groupMedium): chr [1:24] "spl_odds_1" "gamma1(groupMedium)" "-2.44366892055128" "-5.7810508303141" ...[] 
 []


Overfull \hbox (144.4932pt too wide) in paragraph at lines 944--944
[]\T1/lmtt/m/n/10 ##   ..$ gamma1(groupPoor)  : chr [1:24] "spl_odds_1" "gamma1(groupPoor)" "-2.85991639069175" "-6.08715984641314" ...[] 
 []


Overfull \hbox (160.24315pt too wide) in paragraph at lines 944--944
[]\T1/lmtt/m/n/10 ##   ..$ gamma2(groupMedium): chr [1:24] "spl_odds_1" "gamma2(groupMedium)" "-0.27699989500101" "-0.711354615382456" ...[] 
 []


Overfull \hbox (154.99316pt too wide) in paragraph at lines 944--944
[]\T1/lmtt/m/n/10 ##   ..$ gamma2(groupPoor)  : chr [1:24] "spl_odds_1" "gamma2(groupPoor)" "-0.328459513919301" "-0.750684427402127" ...[] 
 []


Overfull \hbox (97.24333pt too wide) in paragraph at lines 944--944
[]\T1/lmtt/m/n/10 ##   ..$ gamma0             : chr [1:24] "spl_normal_1" "gamma0" "-2.18021330994335" "-2.50676494276407" ...[] 
 []


Overfull \hbox (91.99335pt too wide) in paragraph at lines 944--944
[]\T1/lmtt/m/n/10 ##   ..$ gamma1             : chr [1:24] "spl_normal_1" "gamma1" "2.00305993955204" "0.754967846287642" ...[] 
 []


Overfull \hbox (107.7433pt too wide) in paragraph at lines 944--944
[]\T1/lmtt/m/n/10 ##   ..$ gamma2             : chr [1:24] "spl_normal_1" "gamma2" "0.139244131569558" "-0.0310780149656247" ...[] 
 []


Overfull \hbox (123.49326pt too wide) in paragraph at lines 944--944
[]\T1/lmtt/m/n/10 ##   ..$ groupMedium        : chr [1:24] "spl_normal_1" "groupMedium" "0.781203417379839" "0.385884196054485" ...[] 
 []


Overfull \hbox (102.49332pt too wide) in paragraph at lines 944--944
[]\T1/lmtt/m/n/10 ##   ..$ groupPoor          : chr [1:24] "spl_normal_1" "groupPoor" "1.39918475049402" "1.01366868901266" ...[] 
 []


Overfull \hbox (170.74312pt too wide) in paragraph at lines 944--944
[]\T1/lmtt/m/n/10 ##   ..$ gamma1(groupMedium): chr [1:24] "spl_normal_1" "gamma1(groupMedium)" "-0.474093975078312" "-1.83544807143859" ...[] 
 []


Overfull \hbox (160.24315pt too wide) in paragraph at lines 944--944
[]\T1/lmtt/m/n/10 ##   ..$ gamma1(groupPoor)  : chr [1:24] "spl_normal_1" "gamma1(groupPoor)" "-0.634060434239667" "-1.92995211744732" ...[] 
 []


Overfull \hbox (181.24309pt too wide) in paragraph at lines 944--944
[]\T1/lmtt/m/n/10 ##   ..$ gamma2(groupMedium): chr [1:24] "spl_normal_1" "gamma2(groupMedium)" "-0.0508253646904045" "-0.239541872205599" ...[] 
 []


Overfull \hbox (170.74312pt too wide) in paragraph at lines 944--944
[]\T1/lmtt/m/n/10 ##   ..$ gamma2(groupPoor)  : chr [1:24] "spl_normal_1" "gamma2(groupPoor)" "-0.0772462585348352" "-0.258802417798604" ...[] 
 []


Overfull \hbox (97.24333pt too wide) in paragraph at lines 944--944
[]\T1/lmtt/m/n/10 ##   ..$ gamma0             : chr [1:24] "spl_hazard_2" "gamma0" "-3.98129140079743" "-6.29287630646042" ...[] 
 []


Overfull \hbox (91.99335pt too wide) in paragraph at lines 944--944
[]\T1/lmtt/m/n/10 ##   ..$ gamma1             : chr [1:24] "spl_hazard_2" "gamma1" "5.57246906818651" "-3.04982227896694" ...[] 
 []


Overfull \hbox (97.24333pt too wide) in paragraph at lines 944--944
[]\T1/lmtt/m/n/10 ##   ..$ gamma2             : chr [1:24] "spl_hazard_2" "gamma2" "0.256338265058247" "-3.08497801538128" ...[] 
 []



[46]
Overfull \hbox (91.99335pt too wide) in paragraph at lines 944--944
[]\T1/lmtt/m/n/10 ##   ..$ gamma3             : chr [1:24] "spl_hazard_2" "gamma3" "0.289633438971024" "-2.6933860504839" ...[] 
 []


Overfull \hbox (112.99329pt too wide) in paragraph at lines 944--944
[]\T1/lmtt/m/n/10 ##   ..$ groupMedium        : chr [1:24] "spl_hazard_2" "groupMedium" "2.91628215953512" "0.44776511920309" ...[] 
 []


Overfull \hbox (107.7433pt too wide) in paragraph at lines 944--944
[]\T1/lmtt/m/n/10 ##   ..$ groupPoor          : chr [1:24] "spl_hazard_2" "groupPoor" "2.88242174914437" "0.521582149841658" ...[] 
 []


Overfull \hbox (165.49313pt too wide) in paragraph at lines 944--944
[]\T1/lmtt/m/n/10 ##   ..$ gamma1(groupMedium): chr [1:24] "spl_hazard_2" "gamma1(groupMedium)" "0.783631054627367" "-8.25403760882558" ...[] 
 []


Overfull \hbox (154.99316pt too wide) in paragraph at lines 944--944
[]\T1/lmtt/m/n/10 ##   ..$ gamma1(groupPoor)  : chr [1:24] "spl_hazard_2" "gamma1(groupPoor)" "-2.64531056845819" "-11.3266605556107" ...[] 
 []


Overfull \hbox (160.24315pt too wide) in paragraph at lines 944--944
[]\T1/lmtt/m/n/10 ##   ..$ gamma2(groupMedium): chr [1:24] "spl_hazard_2" "gamma2(groupMedium)" "1.65006763421488" "-1.89827829294063" ...[] 
 []


Overfull \hbox (160.24315pt too wide) in paragraph at lines 944--944
[]\T1/lmtt/m/n/10 ##   ..$ gamma2(groupPoor)  : chr [1:24] "spl_hazard_2" "gamma2(groupPoor)" "0.0774625317935244" "-3.31396936615822" ...[] 
 []


Overfull \hbox (165.49313pt too wide) in paragraph at lines 944--944
[]\T1/lmtt/m/n/10 ##   ..$ gamma3(groupMedium): chr [1:24] "spl_hazard_2" "gamma3(groupMedium)" "-1.90693272459592" "-5.10157626008234" ...[] 
 []


Overfull \hbox (154.99316pt too wide) in paragraph at lines 944--944
[]\T1/lmtt/m/n/10 ##   ..$ gamma3(groupPoor)  : chr [1:24] "spl_hazard_2" "gamma3(groupPoor)" "-0.404156251325355" "-3.4518627816484" ...[] 
 []


Overfull \hbox (81.49338pt too wide) in paragraph at lines 944--944
[]\T1/lmtt/m/n/10 ##   ..$ gamma0             : chr [1:24] "spl_odds_2" "gamma0" "-4.02185633708958" "-6.3825076933676" ...[] 
 []


Overfull \hbox (81.49338pt too wide) in paragraph at lines 944--944
[]\T1/lmtt/m/n/10 ##   ..$ gamma1             : chr [1:24] "spl_odds_2" "gamma1" "5.51052878336718" "-3.19361337561952" ...[] 
 []


Overfull \hbox (86.74336pt too wide) in paragraph at lines 944--944
[]\T1/lmtt/m/n/10 ##   ..$ gamma2             : chr [1:24] "spl_odds_2" "gamma2" "0.253140292086233" "-3.16417940172001" ...[] 
 []


Overfull \hbox (81.49338pt too wide) in paragraph at lines 944--944
[]\T1/lmtt/m/n/10 ##   ..$ gamma3             : chr [1:24] "spl_odds_2" "gamma3" "0.26119991232863" "-2.81390126847145" ...[] 
 []


Overfull \hbox (102.49332pt too wide) in paragraph at lines 944--944
[]\T1/lmtt/m/n/10 ##   ..$ groupMedium        : chr [1:24] "spl_odds_2" "groupMedium" "3.02298542925585" "0.47779400406568" ...[] 
 []


Overfull \hbox (91.99335pt too wide) in paragraph at lines 944--944
[]\T1/lmtt/m/n/10 ##   ..$ groupPoor          : chr [1:24] "spl_odds_2" "groupPoor" "2.89341134948443" "0.46717570677471" ...[] 
 []


Overfull \hbox (144.4932pt too wide) in paragraph at lines 944--944
[]\T1/lmtt/m/n/10 ##   ..$ gamma1(groupMedium): chr [1:24] "spl_odds_2" "gamma1(groupMedium)" "1.0315946008094" "-8.13093154547689" ...[] 
 []


Overfull \hbox (144.4932pt too wide) in paragraph at lines 944--944
[]\T1/lmtt/m/n/10 ##   ..$ gamma1(groupPoor)  : chr [1:24] "spl_odds_2" "gamma1(groupPoor)" "-2.61699779061024" "-11.3869290847966" ...[] 
 []


Overfull \hbox (149.74318pt too wide) in paragraph at lines 944--944
[]\T1/lmtt/m/n/10 ##   ..$ gamma2(groupMedium): chr [1:24] "spl_odds_2" "gamma2(groupMedium)" "1.80086631783035" "-1.86369707937375" ...[] 
 []


Overfull \hbox (154.99316pt too wide) in paragraph at lines 944--944
[]\T1/lmtt/m/n/10 ##   ..$ gamma2(groupPoor)  : chr [1:24] "spl_odds_2" "gamma2(groupPoor)" "-0.0115893063326446" "-3.50651895971515" ...[] 
 []


Overfull \hbox (144.4932pt too wide) in paragraph at lines 944--944
[]\T1/lmtt/m/n/10 ##   ..$ gamma3(groupMedium): chr [1:24] "spl_odds_2" "gamma3(groupMedium)" "-2.0827061335566" "-5.4192694293387" ...[] 
 []


Overfull \hbox (149.74318pt too wide) in paragraph at lines 944--944
[]\T1/lmtt/m/n/10 ##   ..$ gamma3(groupPoor)  : chr [1:24] "spl_odds_2" "gamma3(groupPoor)" "-0.339047547656046" "-3.52457422720196" ...[] 
 []


Overfull \hbox (97.24333pt too wide) in paragraph at lines 944--944
[]\T1/lmtt/m/n/10 ##   ..$ gamma0             : chr [1:24] "spl_normal_2" "gamma0" "-2.47954443170845" "-3.33706504973905" ...[] 
 []


Overfull \hbox (86.74336pt too wide) in paragraph at lines 944--944
[]\T1/lmtt/m/n/10 ##   ..$ gamma1             : chr [1:24] "spl_normal_2" "gamma1" "1.1528048973128" "-1.19034788985897" ...[] 
 []


Overfull \hbox (102.49332pt too wide) in paragraph at lines 944--944
[]\T1/lmtt/m/n/10 ##   ..$ gamma2             : chr [1:24] "spl_normal_2" "gamma2" "-0.360056185826704" "-1.45685342474927" ...[] 
 []


Overfull \hbox (102.49332pt too wide) in paragraph at lines 944--944
[]\T1/lmtt/m/n/10 ##   ..$ gamma3             : chr [1:24] "spl_normal_2" "gamma3" "0.489377045312761" "-0.587788063673127" ...[] 
 []


Overfull \hbox (118.24327pt too wide) in paragraph at lines 944--944
[]\T1/lmtt/m/n/10 ##   ..$ groupMedium        : chr [1:24] "spl_normal_2" "groupMedium" "1.56460781348189" "0.580355629786665" ...[] 
 []


Overfull \hbox (107.7433pt too wide) in paragraph at lines 944--944
[]\T1/lmtt/m/n/10 ##   ..$ groupPoor          : chr [1:24] "spl_normal_2" "groupPoor" "1.63775064239602" "0.723786688856852" ...[] 
 []


Overfull \hbox (60.49344pt too wide) in paragraph at lines 944--944
[]\T1/lmtt/m/n/10 ##   ..$ lbls_spline: chr [1:9] "Hazard 1 knots" "Hazard 2 knots" "Hazard 3 knots" "Odds 1 knots" ...[] 
 []


Overfull \hbox (270.49283pt too wide) in paragraph at lines 944--944
[]\T1/lmtt/m/n/10 ##   ..$ lbls_cure  : chr [1:6] "Mixture cure Weibull" "Non-mixture cure Weibull" "Mixture cure Log-normal" "Non-mixture cure Log-normal" ...[] 
 []



[47]
Overfull \hbox (133.99323pt too wide) in paragraph at lines 991--991
[]\T1/lmtt/m/n/10 ##  [1] docstring_1.0.0    flexsurvcure_1.3.1 sft_2.2-1          SuppDists_1.1-9.8  fda_6.2.0          deSolve_1.40[] 
 []


Overfull \hbox (154.99316pt too wide) in paragraph at lines 991--991
[]\T1/lmtt/m/n/10 ##  [7] fds_1.8            RCurl_1.98-1.16    rainbow_3.8        pcaPP_2.0-5        MASS_7.3-61        kableExtra_1.4.0[] 
 []


Overfull \hbox (139.24321pt too wide) in paragraph at lines 991--991
[]\T1/lmtt/m/n/10 ## [13] knitr_1.50         summarytools_1.1.4 data.table_1.16.4  survminer_0.5.0    ggpubr_0.6.0       ggplot2_3.5.2[] 
 []


Overfull \hbox (28.99353pt too wide) in paragraph at lines 991--991
[]\T1/lmtt/m/n/10 ## [19] muhaz_1.2.6.4      flexsurv_2.3.2     survival_3.7-0     rms_6.8-2          Hmisc_5.2-0[] 
 []


Overfull \hbox (165.49313pt too wide) in paragraph at lines 991--991
[]\T1/lmtt/m/n/10 ##   [1] rstudioapi_0.17.1   jsonlite_1.8.9      magrittr_2.0.3      TH.data_1.1-2       magick_2.8.5        farver_2.1.2[] 
 []


Overfull \hbox (191.74306pt too wide) in paragraph at lines 991--991
[]\T1/lmtt/m/n/10 ##   [7] rmarkdown_2.29      vctrs_0.6.5         base64enc_0.1-3     tinytex_0.57        rstatix_0.7.2       htmltools_0.5.8.1[] 
 []


Overfull \hbox (165.49313pt too wide) in paragraph at lines 991--991
[]\T1/lmtt/m/n/10 ##  [13] polspline_1.1.25    broom_1.0.8         Formula_1.2-5       sass_0.4.9          hdrcde_3.4          pracma_2.4.4[] 
 []


Overfull \hbox (154.99316pt too wide) in paragraph at lines 991--991
[]\T1/lmtt/m/n/10 ##  [19] KernSmooth_2.23-24  bslib_0.8.0         htmlwidgets_1.6.4   plyr_1.8.9          sandwich_3.1-1      zoo_1.8-12[] 
 []


Overfull \hbox (165.49313pt too wide) in paragraph at lines 991--991
[]\T1/lmtt/m/n/10 ##  [25] lubridate_1.9.3     cachem_1.1.0        commonmark_1.9.5    lifecycle_1.0.4     pkgconfig_2.0.3     Matrix_1.7-1[] 
 []


Overfull \hbox (175.9931pt too wide) in paragraph at lines 991--991
[]\T1/lmtt/m/n/10 ##  [31] R6_2.5.1            fastmap_1.2.0       digest_0.6.37       numDeriv_2016.8-1.1 colorspace_2.1-1    labeling_0.4.3[] 
 []


Overfull \hbox (165.49313pt too wide) in paragraph at lines 991--991
[]\T1/lmtt/m/n/10 ##  [37] km.ci_0.5-6         timechange_0.3.0    abind_1.4-8         compiler_4.4.2      withr_3.0.2         pander_0.6.5[] 
 []


Overfull \hbox (160.24315pt too wide) in paragraph at lines 991--991
[]\T1/lmtt/m/n/10 ##  [43] htmlTable_2.4.3     backports_1.5.0     carData_3.0-5       ggsignif_0.6.4      quantreg_5.99       tools_4.4.2[] 
 []


Overfull \hbox (165.49313pt too wide) in paragraph at lines 991--991
[]\T1/lmtt/m/n/10 ##  [49] foreign_0.8-87      mstate_0.3.3        nnet_7.3-19         glue_1.8.0          quadprog_1.5-8      nlme_3.1-166[] 
 []


Overfull \hbox (175.9931pt too wide) in paragraph at lines 991--991
[]\T1/lmtt/m/n/10 ##  [55] gridtext_0.1.5      grid_4.4.2          checkmate_2.3.2     cluster_2.1.6       reshape2_1.4.4      generics_0.1.3[] 
 []


Overfull \hbox (170.74312pt too wide) in paragraph at lines 991--991
[]\T1/lmtt/m/n/10 ##  [61] gtable_0.3.6        KMsurv_0.1-5        tidyr_1.3.1         xml2_1.3.6          car_3.1-3           markdown_1.13[] 
 []


Overfull \hbox (175.9931pt too wide) in paragraph at lines 991--991
[]\T1/lmtt/m/n/10 ##  [67] pillar_1.10.0       stringr_1.5.1       dplyr_1.1.4         ggtext_0.1.2        pryr_0.1.6          lattice_0.22-6[] 
 []


Overfull \hbox (149.74318pt too wide) in paragraph at lines 991--991
[]\T1/lmtt/m/n/10 ##  [73] SparseM_1.84-2      ks_1.14.3           tidyselect_1.2.1    gridExtra_2.3       svglite_2.1.3       xfun_0.52[] 
 []


Overfull \hbox (160.24315pt too wide) in paragraph at lines 991--991
[]\T1/lmtt/m/n/10 ##  [79] statmod_1.5.0       rapportools_1.1     matrixStats_1.5.0   stringi_1.8.4       yaml_2.3.10         boot_1.3-31[] 
 []


Overfull \hbox (165.49313pt too wide) in paragraph at lines 991--991
[]\T1/lmtt/m/n/10 ##  [85] evaluate_1.0.1      codetools_0.2-20    tcltk_4.4.2         tibble_3.2.1        cli_3.6.3           rpart_4.1.23[] 
 []


Overfull \hbox (175.9931pt too wide) in paragraph at lines 991--991
[]\T1/lmtt/m/n/10 ##  [91] xtable_1.8-4        systemfonts_1.1.0   munsell_0.5.1       jquerylib_0.1.4     roxygen2_7.3.2      survMisc_0.5.6[] 
 []


Overfull \hbox (170.74312pt too wide) in paragraph at lines 991--991
[]\T1/lmtt/m/n/10 ##  [97] Rcpp_1.0.13-1       MatrixModels_0.5-3  mclust_6.1.1        bitops_1.0-9        viridisLite_0.4.2   mvtnorm_1.3-2[] 
 []



[48

] (./BC_OS.aux)
 ***********
LaTeX2e <2025-06-01> patch level 1
L3 programming layer <2025-07-20>
 ***********

LaTeX Warning: There were multiply-defined labels.

 ) 
Here is how much of TeX's memory you used:
 13043 strings out of 469781
 242166 string characters out of 5480232
 690604 words of memory out of 5000000
 41142 multiletter control sequences out of 15000+600000
 673192 words of font info for 80 fonts, out of 8000000 for 9000
 14 hyphenation exceptions out of 8191
 89i,10n,93p,724b,624s stack positions out of 10000i,1000n,20000p,200000b,200000s
<c:/Users/g10028783/AppData/Roaming/TinyTeX/texmf-dist/fonts/type1/public/lm/lmbx10.pfb><c:/Users/g10028783/AppData/Roaming/TinyTeX/texmf-dist/fonts/type1/public/lm/lmbx12.pfb><c:/Users/g10028783/AppData/Roaming/TinyTeX/texmf-dist/fonts/type1/public/lm/lmr10.pfb><c:/Users/g10028783/AppData/Roaming/TinyTeX/texmf-dist/fonts/type1/public/lm/lmr12.pfb><c:/Users/g10028783/AppData/Roaming/TinyTeX/texmf-dist/fonts/type1/public/lm/lmr17.pfb><c:/Users/g10028783/AppData/Roaming/TinyTeX/texmf-dist/fonts/type1/public/lm/lmtt10.pfb>
Output written on BC_OS.pdf (48 pages, 2855558 bytes).
PDF statistics:
 1309 PDF objects out of 1440 (max. 8388607)
 1022 compressed objects within 11 object streams
 102 named destinations out of 1000 (max. 500000)
 664 words of extra memory for PDF output out of 10000 (max. 10000000)

